2025-05-28 20:55:26,989 | ERROR | AetherMemory | Token-index 71 utanf他 vokabul雷ens gr牢s (4).
2025-05-28 20:59:41,257 | ERROR | AetherMemory | Token-index 71 utanf他 vokabul雷ens gr牢s (4).
2025-05-28 21:02:57,112 | ERROR | AetherMemory | Token-index 71 utanf他 vokabul雷ens gr牢s (4).
2025-05-28 21:02:57,113 | INFO | AetherMemory | Memory added: 'hi...'
2025-05-28 21:04:25,826 | ERROR | AetherMemory | Token-index 71 utanf他 vokabul雷ens gr牢s (4).
2025-05-28 21:04:25,827 | INFO | AetherMemory | Memory added: 'hi...'
2025-05-28 21:05:29,327 | ERROR | AetherMemory | Token-index 71 utanf他 vokabul雷ens gr牢s (4).
2025-05-28 21:05:29,328 | INFO | AetherMemory | Memory added: 'hi...'
2025-05-28 21:08:26,834 | ERROR | AetherMemory | Token-index 71 utanf他 vokabul雷ens gr牢s (4).
2025-05-28 21:08:26,835 | INFO | AetherMemory | Memory added: 'hi...'
2025-05-28 21:08:37,582 | ERROR | AetherMemory | Token-index 134 utanf他 vokabul雷ens gr牢s (4).
2025-05-28 21:08:37,582 | INFO | AetherMemory | Memory added: 'whats your name ?...'
2025-05-28 21:15:47,042 | ERROR | AetherMemory | Token-index 98 utanf他 vokabul雷ens gr牢s (4).
2025-05-28 21:15:47,043 | INFO | AetherMemory | Memory added: 'what압 is the capital of sweden ?...'
2025-05-28 21:16:31,349 | ERROR | AetherMemory | Token-index 98 utanf他 vokabul雷ens gr牢s (4).
2025-05-28 21:16:31,350 | INFO | AetherMemory | Memory added: 'what압 is the capital of sweden ?...'
2025-05-28 21:17:07,532 | ERROR | AetherMemory | Token-index 98 utanf他 vokabul雷ens gr牢s (4).
2025-05-28 21:17:07,532 | INFO | AetherMemory | Memory added: 'what압 is the capital of sweden ?...'
2025-05-28 21:19:56,392 | INFO | AetherMemory | Wikipedia result for 'what압 is the capital of sweden ?': Sweden, formally the Kingdom of Sweden, is a Nordic country located on the Scandinavian Peninsula in...
2025-05-28 21:20:49,167 | ERROR | AetherMemory | Token-index 98 utanf他 vokabul雷ens gr牢s (4).
2025-05-28 21:20:49,167 | INFO | AetherMemory | Memory added: 'what압 is the capital of sweden ?...'
2025-05-28 21:25:57,784 | ERROR | AetherMemory | Token-index 134 utanf他 vokabul雷ens gr牢s (4).
2025-05-28 21:25:57,784 | INFO | AetherMemory | Memory added: 'whats your name ?...'
2025-05-28 21:27:33,342 | ERROR | AetherMemory | Token-index 71 utanf他 vokabul雷ens gr牢s (4).
2025-05-28 21:27:33,343 | INFO | AetherMemory | Memory added: 'hi...'
2025-05-28 21:30:38,752 | ERROR | AetherMemory | Token-index 98 utanf他 vokabul雷ens gr牢s (4).
2025-05-28 21:30:38,752 | INFO | AetherMemory | Memory added: 'what압 is the capital of sweden ?...'
2025-05-28 21:35:33,770 | ERROR | AetherMemory | Token-index 71 utanf他 vokabul雷ens gr牢s (4).
2025-05-28 21:35:33,771 | INFO | AetherMemory | Memory added: 'hi...'
2025-05-28 21:36:40,250 | ERROR | AetherMemory | Token-index 98 utanf他 vokabul雷ens gr牢s (4).
2025-05-28 21:36:40,250 | INFO | AetherMemory | Memory added: 'what압 is the capital of sweden ?...'
2025-05-28 21:43:40,472 | ERROR | AetherMemory | Token-index 98 utanf他 vokabul雷ens gr牢s (4).
2025-05-28 21:43:40,472 | INFO | AetherMemory | Memory added: 'what압 is the capital of sweden ?...'
2025-05-28 21:44:28,022 | ERROR | AetherMemory | Token-index 94 utanf他 vokabul雷ens gr牢s (4).
2025-05-28 21:44:28,022 | INFO | AetherMemory | Memory added: 'how do i loop code in C++...'
2025-05-28 21:53:18,186 | ERROR | AetherMemory | Token-index 94 utanf他 vokabul雷ens gr牢s (4).
2025-05-28 21:53:18,187 | INFO | AetherMemory | Memory added: 'how do i loop code in C++...'
2025-05-28 21:58:37,593 | ERROR | AetherMemory | Token-index 94 utanf他 vokabul雷ens gr牢s (4).
2025-05-28 21:58:37,594 | INFO | AetherMemory | Memory added: 'how do i loop code in C++...'
2025-05-28 22:03:36,925 | ERROR | AetherMemory | Token-index 98 utanf他 vokabul雷ens gr牢s (4).
2025-05-28 22:03:36,926 | INFO | AetherMemory | Memory added: 'what압 is the capital of sweden ?...'
2025-05-28 22:08:19,408 | ERROR | AetherMemory | Token-index 134 utanf他 vokabul雷ens gr牢s (4).
2025-05-28 22:08:19,408 | INFO | AetherMemory | Memory added: 'wahts your name...'
2025-05-28 22:09:22,406 | ERROR | AetherMemory | Token-index 134 utanf他 vokabul雷ens gr牢s (4).
2025-05-28 22:09:22,406 | INFO | AetherMemory | Memory added: 'whats your name ?...'
2025-05-28 22:14:42,120 | ERROR | AetherMemory | Token-index 134 utanf他 vokabul雷ens gr牢s (4).
2025-05-28 22:14:42,121 | INFO | AetherMemory | Memory added: 'whats your name ?...'
2025-05-28 22:15:41,649 | ERROR | AetherMemory | Token-index 98 utanf他 vokabul雷ens gr牢s (4).
2025-05-28 22:15:41,649 | INFO | AetherMemory | Memory added: 'what압 is the capital of sweden ?...'
2025-05-28 22:17:56,060 | ERROR | AetherMemory | Token-index 134 utanf他 vokabul雷ens gr牢s (4).
2025-05-28 22:17:56,061 | INFO | AetherMemory | Memory added: 'wahts your name...'
2025-05-28 22:20:30,808 | ERROR | AetherMemory | Token-index 134 utanf他 vokabul雷ens gr牢s (4).
2025-05-28 22:20:30,808 | INFO | AetherMemory | Memory added: 'whats your name ?...'
2025-05-28 22:24:21,591 | ERROR | AetherMemory | Token-index 154 utanf他 vokabul雷ens gr牢s (4).
2025-05-28 22:24:21,592 | INFO | AetherMemory | Memory added: 'whats your name ?...'
2025-05-28 22:25:10,351 | ERROR | AetherMemory | Token-index 71 utanf他 vokabul雷ens gr牢s (4).
2025-05-28 22:25:10,351 | INFO | AetherMemory | Memory added: 'hi...'
2025-05-28 22:33:00,151 | ERROR | AetherMemory | Token-index 154 utanf他 vokabul雷ens gr牢s (4).
2025-05-28 22:33:00,152 | INFO | AetherMemory | Memory added: 'whats your name ?...'
2025-05-28 23:06:26,195 | ERROR | AetherMemory | Token-index 71 utanf他 vokabul雷ens gr牢s (4).
2025-05-28 23:06:26,195 | INFO | AetherMemory | Memory added: 'hi...'
2025-05-28 23:10:32,669 | ERROR | AetherMemory | Token-index 154 utanf他 vokabul雷ens gr牢s (4).
2025-05-28 23:10:32,669 | INFO | AetherMemory | Memory added: 'whats your name ?...'
2025-05-28 23:12:00,911 | ERROR | AetherMemory | Token-index 154 utanf他 vokabul雷ens gr牢s (4).
2025-05-28 23:12:00,911 | INFO | AetherMemory | Memory added: 'whats your name ?...'
2025-05-28 23:24:59,114 | ERROR | AetherMemory | Token-index 71 utanf他 vokabul雷ens gr牢s (4).
2025-05-28 23:24:59,114 | INFO | AetherMemory | Memory added: 'hi...'
2025-05-28 23:25:06,148 | ERROR | AetherMemory | Token-index 154 utanf他 vokabul雷ens gr牢s (4).
2025-05-28 23:25:06,148 | INFO | AetherMemory | Memory added: 'whats your name ?...'
2025-05-28 23:29:23,019 | ERROR | AetherMemory | Token-index 71 utanf他 vokabul雷ens gr牢s (4).
2025-05-28 23:29:23,019 | INFO | AetherMemory | Memory added: 'hi...'
2025-05-28 23:45:09,383 | ERROR | AetherMemory | Token-index 159 utanf他 vokabul雷ens gr牢s (4).
2025-05-28 23:45:09,383 | INFO | AetherMemory | Memory added: 'what압 is the capital of sweden ?...'
2025-05-28 23:49:02,158 | ERROR | AetherMemory | Token-index 154 utanf他 vokabul雷ens gr牢s (4).
2025-05-28 23:49:02,159 | INFO | AetherMemory | Memory added: 'whats your name ?...'
2025-05-29 00:09:09,046 | INFO | AetherMemory | Memory added: 'whats your name ?...'
2025-05-29 00:10:42,127 | INFO | AetherMemory | Memory added: 'whats your name ?...'
2025-05-29 02:26:18,187 | ERROR | AetherMemory | Token-index 166 utanf他 vokabul雷ens gr牢s (166).
2025-05-29 02:26:18,187 | INFO | AetherMemory | Memory added: 'exit...'
2025-05-29 02:27:10,341 | INFO | AetherMemory | Memory added: 'hi...'
2025-05-29 02:27:36,101 | INFO | AetherMemory | Memory added: 'whats your name ?...'
2025-05-29 02:29:14,631 | INFO | AetherMemory | Memory added: 'what압 is the capital of sweden ?...'
2025-05-29 02:29:33,162 | ERROR | AetherMemory | Token-index 168 utanf他 vokabul雷ens gr牢s (167).
2025-05-29 02:29:33,162 | INFO | AetherMemory | Memory added: 'it a town...'
2025-05-29 02:29:57,384 | ERROR | AetherMemory | Token-index 169 utanf他 vokabul雷ens gr牢s (167).
2025-05-29 02:29:57,384 | INFO | AetherMemory | Memory added: 'its a town...'
2025-05-29 02:31:02,063 | INFO | AetherMemory | Memory added: 'its a town...'
2025-05-29 02:32:15,268 | INFO | AetherMemory | Memory added: 'whats your name ?...'
2025-05-29 02:35:53,315 | ERROR | AetherMemory | Token-index 174 utanf他 vokabul雷ens gr牢s (170).
2025-05-29 02:35:53,315 | INFO | AetherMemory | Memory added: 'how do i loop code in C++...'
2025-05-29 02:37:01,182 | INFO | AetherMemory | Memory added: 'what압 is the capital of sweden ?...'
2025-05-29 02:37:09,193 | INFO | AetherMemory | Memory added: 'how do i loop code in C++...'
2025-05-29 02:37:25,343 | INFO | AetherMemory | Memory added: 'whats your name ?...'
2025-05-29 02:37:36,821 | ERROR | AetherMemory | Token-index 175 utanf他 vokabul雷ens gr牢s (175).
2025-05-29 02:37:36,821 | INFO | AetherMemory | Memory added: 'my name is O...'
2025-05-29 02:49:42,075 | INFO | AetherMemory | Memory added: 'what압 is the capital of sweden ?...'
2025-05-29 02:57:05,543 | INFO | AetherMemory | Memory added: 'what압 is the capital of sweden ?...'
2025-05-29 02:57:17,049 | ERROR | AetherMemory | Token-index 176 utanf他 vokabul雷ens gr牢s (176).
2025-05-29 02:57:17,050 | INFO | AetherMemory | Memory added: 'its a big town...'
2025-05-29 02:59:57,176 | INFO | AetherMemory | Memory added: 'what압 is the capital of sweden ?...'
2025-05-29 03:00:08,343 | ERROR | AetherMemory | Token-index 178 utanf他 vokabul雷ens gr牢s (177).
2025-05-29 03:00:08,343 | INFO | AetherMemory | Memory added: 'how is king in swenden ?...'
2025-05-29 03:08:20,478 | INFO | AetherMemory | Memory added: 'whats your name ?...'
2025-05-29 03:08:38,509 | ERROR | AetherMemory | Token-index 182 utanf他 vokabul雷ens gr牢s (179).
2025-05-29 03:08:38,509 | INFO | AetherMemory | Memory added: 'im from a town named G樓le...'
2025-05-29 03:09:06,534 | ERROR | AetherMemory | Token-index 183 utanf他 vokabul雷ens gr牢s (179).
2025-05-29 03:09:06,534 | INFO | AetherMemory | Memory added: 'ho are you...'
2025-05-29 21:54:00,461 | INFO | AetherMemory | Memory added: 'whats your name ?...'
2025-05-29 21:54:18,025 | INFO | AetherMemory | Memory added: 'how do i loop code in C++...'
2025-05-29 21:54:41,355 | ERROR | AetherMemory | Token-index 185 utanf他 vokabul雷ens gr牢s (184).
2025-05-29 21:54:41,355 | INFO | AetherMemory | Memory added: 'in sweden there is a town named s漆erhamn...'
2025-05-29 22:02:33,771 | ERROR | AetherMemory | Token-index 187 utanf他 vokabul雷ens gr牢s (186).
2025-05-29 22:02:33,771 | INFO | AetherMemory | Memory added: 'give me a name of a town ?...'
2025-05-29 22:06:58,086 | INFO | AetherMemory | Memory added: 'what압 is the capital of sweden ?...'
2025-05-29 22:07:31,202 | WARNING | AetherMemory | Updating embed_model's token embedding layer to match new vocab size (189)
2025-05-29 22:07:31,207 | INFO | AetherMemory | Memory added: 'the name of the capital of sweden is stockholm...'
2025-05-29 22:11:11,235 | WARNING | AetherMemory | Updating embed_model's token embedding layer to match new vocab size (190)
2025-05-29 22:11:11,265 | INFO | AetherMemory | Model successfully updated to match new vocab size.
2025-05-29 22:11:11,270 | INFO | AetherMemory | Memory added: 'hello whats your name ?...'
2025-05-29 22:14:01,019 | WARNING | AetherMemory | Updating embed_model's token embedding layer to match new vocab size (191)
2025-05-29 22:14:01,162 | INFO | AetherMemory | Memory added: 'give me a name of a street in sweden ?...'
2025-05-29 22:15:18,733 | INFO | AetherMemory | Memory added: 'what압 is the capital of sweden ?...'
2025-05-29 22:15:40,759 | WARNING | AetherMemory | Updating embed_model's token embedding layer to match new vocab size (196)
2025-05-29 22:15:40,779 | INFO | AetherMemory | Model successfully updated to match new vocab size.
2025-05-29 22:15:40,785 | INFO | AetherMemory | Memory added: 'how do you feel give me a anser good or bad...'
2025-05-29 22:19:19,696 | WARNING | AetherMemory | Updating embed_model's token embedding layer to match new vocab size (197)
2025-05-29 22:19:19,724 | INFO | AetherMemory | Model successfully updated to match new vocab size.
2025-05-29 22:19:19,730 | INFO | AetherMemory | Memory added: 'give me names ?...'
2025-05-29 22:22:08,786 | INFO | AetherMemory | Memory added: 'what압 is the capital of sweden ?...'
2025-05-29 22:22:34,420 | WARNING | AetherMemory | Updating embed_model's token embedding layer to match new vocab size (198)
2025-05-29 22:22:34,445 | INFO | AetherMemory | Model successfully updated to match new vocab size.
2025-05-29 22:22:34,449 | INFO | AetherMemory | Memory added: 'give me two names ?...'
2025-05-29 22:25:10,364 | WARNING | AetherMemory | Updating embed_model's token embedding layer to match new vocab size (199)
2025-05-29 22:25:10,391 | INFO | AetherMemory | Model successfully updated to match new vocab size.
2025-05-29 22:25:10,397 | INFO | AetherMemory | Memory added: 'give me names of towns in sweden...'
2025-05-29 22:29:13,372 | INFO | AetherMemory | Memory added: 'what압 is the capital of sweden ?...'
2025-05-29 22:29:27,426 | INFO | AetherMemory | Memory added: 'whats your name ?...'
2025-05-29 22:30:16,502 | WARNING | AetherMemory | Updating embed_model's token embedding layer to match new vocab size (203)
2025-05-29 22:30:16,525 | INFO | AetherMemory | Model successfully updated to match new vocab size.
2025-05-29 22:30:16,529 | INFO | AetherMemory | Memory added: 'The sun is shining brightly today....'
2025-05-29 22:30:50,135 | WARNING | AetherMemory | Updating embed_model's token embedding layer to match new vocab size (207)
2025-05-29 22:30:50,161 | INFO | AetherMemory | Model successfully updated to match new vocab size.
2025-05-29 22:30:50,164 | INFO | AetherMemory | Memory added: 'I love reading books in my free time....'
2025-05-29 22:31:40,323 | WARNING | AetherMemory | Updating embed_model's token embedding layer to match new vocab size (212)
2025-05-29 22:31:40,356 | INFO | AetherMemory | Model successfully updated to match new vocab size.
2025-05-29 22:31:40,362 | INFO | AetherMemory | Memory added: 'We had pizza for dinner last night....'
2025-05-29 22:38:01,912 | WARNING | AetherMemory | Updating embed_model's token embedding layer to match new vocab size (216)
2025-05-29 22:38:01,938 | INFO | AetherMemory | Model successfully updated to match new vocab size.
2025-05-29 22:38:01,944 | INFO | AetherMemory | Memory added: 'My cat is sleeping on the sofa....'
2025-05-29 22:38:30,193 | WARNING | AetherMemory | Updating embed_model's token embedding layer to match new vocab size (219)
2025-05-29 22:38:30,219 | INFO | AetherMemory | Model successfully updated to match new vocab size.
2025-05-29 22:38:30,225 | INFO | AetherMemory | Memory added: 'It often rains in the spring....'
2025-05-29 22:39:26,303 | WARNING | AetherMemory | Updating embed_model's token embedding layer to match new vocab size (223)
2025-05-29 22:39:26,335 | INFO | AetherMemory | Model successfully updated to match new vocab size.
2025-05-29 22:39:26,339 | INFO | AetherMemory | Memory added: 'I forgot my umbrella at the restaurant....'
2025-05-29 22:39:58,405 | WARNING | AetherMemory | Updating embed_model's token embedding layer to match new vocab size (227)
2025-05-29 22:39:58,429 | INFO | AetherMemory | Model successfully updated to match new vocab size.
2025-05-29 22:39:58,436 | INFO | AetherMemory | Memory added: 'We listened to music during the long drive....'
2025-05-29 22:43:03,888 | WARNING | AetherMemory | Updating embed_model's token embedding layer to match new vocab size (231)
2025-05-29 22:43:03,918 | INFO | AetherMemory | Model successfully updated to match new vocab size.
2025-05-29 22:43:03,927 | INFO | AetherMemory | Memory added: 'They planted flowers in the garden....'
2025-05-29 23:06:03,317 | WARNING | AetherMemory | Updating embed_model's token embedding layer to match new vocab size (237)
2025-05-29 23:06:03,347 | INFO | AetherMemory | Model successfully updated to match new vocab size.
2025-05-29 23:06:03,353 | INFO | AetherMemory | Memory added: 'He fixed his bike with some tools....'
2025-05-29 23:06:30,007 | WARNING | AetherMemory | Updating embed_model's token embedding layer to match new vocab size (240)
2025-05-29 23:06:30,028 | INFO | AetherMemory | Model successfully updated to match new vocab size.
2025-05-29 23:06:30,036 | INFO | AetherMemory | Memory added: 'The ice cream melted in the sun....'
2025-05-29 23:09:57,364 | WARNING | AetherMemory | Updating embed_model's token embedding layer to match new vocab size (243)
2025-05-29 23:09:57,409 | INFO | AetherMemory | Model successfully updated to match new vocab size.
2025-05-29 23:09:57,419 | INFO | AetherMemory | Memory added: 'We watched the fireworks from the balcony....'
2025-05-29 23:55:00,900 | WARNING | AetherMemory | Updating embed_model's token embedding layer to match new vocab size (247)
2025-05-29 23:55:00,927 | INFO | AetherMemory | Model successfully updated to match new vocab size.
2025-05-29 23:55:00,936 | INFO | AetherMemory | Memory added: 'He found a coin under the table....'
2025-05-29 23:55:08,413 | INFO | AetherMemory | Memory added: 'hi...'
2025-05-30 17:28:14,356 | WARNING | AetherMemory | Updating embed_model's token embedding layer to match new vocab size (252)
2025-05-30 17:28:14,384 | INFO | AetherMemory | Model successfully updated to match new vocab size.
2025-05-30 17:28:14,414 | INFO | AetherMemory | Memory added: 'The bus arrived ten minutes late....'
2025-05-30 17:30:42,390 | INFO | AetherMemory | Memory added: 'He fixed his bike with some tools....'
2025-05-30 17:31:06,202 | WARNING | AetherMemory | Updating embed_model's token embedding layer to match new vocab size (256)
2025-05-30 17:31:06,227 | INFO | AetherMemory | Model successfully updated to match new vocab size.
2025-05-30 17:31:06,227 | INFO | AetherMemory | Memory added: 'The movie was funny and exciting....'
2025-05-30 17:32:31,813 | WARNING | AetherMemory | Updating embed_model's token embedding layer to match new vocab size (261)
2025-05-30 17:32:31,848 | INFO | AetherMemory | Model successfully updated to match new vocab size.
2025-05-30 17:32:31,854 | INFO | AetherMemory | Memory added: 'We traveled by train across the country....'
2025-05-30 17:46:39,206 | WARNING | AetherMemory | Updating embed_model's token embedding layer to match new vocab size (264)
2025-05-30 17:46:39,232 | INFO | AetherMemory | Model successfully updated to match new vocab size.
2025-05-30 17:46:39,237 | INFO | AetherMemory | Memory added: 'Lightning flashed across the night sky....'
2025-05-30 17:58:26,917 | WARNING | AetherMemory | Updating embed_model's token embedding layer to match new vocab size (272)
2025-05-30 17:58:26,939 | INFO | AetherMemory | Model successfully updated to match new vocab size.
2025-05-30 17:58:26,944 | INFO | AetherMemory | Memory added: 'She lit a candle when the lights went out....'
2025-05-30 17:59:10,006 | WARNING | AetherMemory | Updating embed_model's token embedding layer to match new vocab size (277)
2025-05-30 17:59:10,033 | INFO | AetherMemory | Model successfully updated to match new vocab size.
2025-05-30 17:59:10,037 | INFO | AetherMemory | Memory added: 'The wind blew the leaves off the trees....'
2025-05-30 18:02:43,725 | WARNING | AetherMemory | Updating embed_model's token embedding layer to match new vocab size (280)
2025-05-30 18:02:43,759 | INFO | AetherMemory | Model successfully updated to match new vocab size.
2025-05-30 18:02:43,766 | INFO | AetherMemory | Memory added: 'She slipped on the wet floor....'
2025-05-30 23:29:18,008 | WARNING | AetherMemory | Updating embed_model's token embedding layer to match new vocab size (282)
2025-05-30 23:29:18,034 | INFO | AetherMemory | Model successfully updated to match new vocab size.
2025-05-30 23:29:18,038 | INFO | AetherMemory | Memory added: 'tell me a question ?...'
2025-05-30 23:48:18,296 | WARNING | AetherMemory | Updating embed_model's token embedding layer to match new vocab size (283)
2025-05-30 23:48:18,320 | INFO | AetherMemory | Model successfully updated to match new vocab size.
2025-05-30 23:48:18,324 | INFO | AetherMemory | Memory added: 'how was your day today ?...'
2025-05-30 23:50:27,742 | WARNING | AetherMemory | Updating embed_model's token embedding layer to match new vocab size (288)
2025-05-30 23:50:27,767 | INFO | AetherMemory | Model successfully updated to match new vocab size.
2025-05-30 23:50:27,773 | INFO | AetherMemory | Memory added: 'He wore gloves because it was cold outside....'
2025-05-31 00:21:26,930 | WARNING | AetherMemory | Updating embed_model's token embedding layer to match new vocab size (291)
2025-05-31 00:21:26,957 | INFO | AetherMemory | Model successfully updated to match new vocab size.
2025-05-31 00:21:26,962 | INFO | AetherMemory | Memory added: 'I saved the document on my computer....'
2025-05-31 00:21:57,550 | INFO | AetherMemory | Memory added: 'She slipped on the wet floor....'
2025-05-31 00:22:13,732 | WARNING | AetherMemory | Updating embed_model's token embedding layer to match new vocab size (296)
2025-05-31 00:22:13,762 | INFO | AetherMemory | Model successfully updated to match new vocab size.
2025-05-31 00:22:13,767 | INFO | AetherMemory | Memory added: 'The kids jumped into the swimming pool....'
2025-05-31 02:13:35,774 | WARNING | AetherMemory | Updating embed_model's token embedding layer to match new vocab size (298)
2025-05-31 02:13:35,801 | INFO | AetherMemory | Model successfully updated to match new vocab size.
2025-05-31 02:13:35,806 | INFO | AetherMemory | Memory added: 'She planted a tree in the backyard....'
2025-05-31 02:13:51,820 | WARNING | AetherMemory | Updating embed_model's token embedding layer to match new vocab size (300)
2025-05-31 02:13:51,841 | INFO | AetherMemory | Model successfully updated to match new vocab size.
2025-05-31 02:13:51,850 | INFO | AetherMemory | Memory added: 'The stars twinkled brightly in the night sky....'
2025-05-31 04:01:03,683 | INFO | AetherMemory | Memory added: 'whats your name ?...'
2025-05-31 04:01:25,676 | INFO | AetherMemory | Memory added: 'your name is Aether...'
2025-05-31 04:01:53,146 | INFO | AetherMemory | Memory added: 'whats your name ?...'
