2025-05-28 17:56:28,915 | INFO | DatabaseConnector | DatabaseConnector initialized: host=localhost, port=5432, dbname=backenddb, user=springuser
2025-05-28 18:07:52,408 | INFO | DatabaseConnector | DatabaseConnector initialized: host=localhost, port=5432, dbname=backenddb, user=springuser
2025-05-28 18:13:20,109 | INFO | DatabaseConnector | DatabaseConnector initialized: host=localhost, port=5432, dbname=backenddb, user=springuser
2025-05-28 18:14:28,102 | INFO | DatabaseConnector | DatabaseConnector initialized: host=localhost, port=5432, dbname=backenddb, user=springuser
2025-05-28 18:17:29,574 | INFO | DatabaseConnector | DatabaseConnector initialized: host=localhost, port=5432, dbname=backenddb, user=springuser
2025-05-28 18:18:47,201 | INFO | DatabaseConnector | DatabaseConnector initialized: host=localhost, port=5432, dbname=backenddb, user=springuser
2025-05-28 18:19:57,778 | INFO | DatabaseConnector | DatabaseConnector initialized: host=localhost, port=5432, dbname=backenddb, user=springuser
2025-05-28 18:20:38,901 | INFO | DatabaseConnector | DatabaseConnector initialized: host=localhost, port=5432, dbname=backenddb, user=springuser
2025-05-28 18:26:13,749 | INFO | DatabaseConnector | DatabaseConnector initialized: host=localhost, port=5432, dbname=backenddb, user=springuser
2025-05-28 18:29:10,041 | INFO | DatabaseConnector | DatabaseConnector initialized: host=localhost, port=5432, dbname=backenddb, user=springuser
2025-05-28 18:29:53,296 | INFO | DatabaseConnector | DatabaseConnector initialized: host=localhost, port=5432, dbname=backenddb, user=springuser
2025-05-28 18:30:05,160 | INFO | DatabaseConnector | DatabaseConnector initialized: host=localhost, port=5432, dbname=backenddb, user=springuser
2025-05-28 18:30:35,901 | INFO | DatabaseConnector | DatabaseConnector initialized: host=localhost, port=5432, dbname=backenddb, user=springuser
2025-05-28 18:32:40,438 | INFO | DatabaseConnector | DatabaseConnector initialized: host=localhost, port=5432, dbname=backenddb, user=springuser
2025-05-28 18:32:55,155 | INFO | DatabaseConnector | DatabaseConnector initialized: host=localhost, port=5432, dbname=backenddb, user=springuser
2025-05-28 18:33:40,110 | INFO | DatabaseConnector | DatabaseConnector initialized: host=localhost, port=5432, dbname=backenddb, user=springuser
2025-05-28 18:33:55,470 | INFO | DatabaseConnector | DatabaseConnector initialized: host=localhost, port=5432, dbname=backenddb, user=springuser
2025-05-28 18:34:22,843 | INFO | DatabaseConnector | DatabaseConnector initialized: host=localhost, port=5432, dbname=backenddb, user=springuser
2025-05-28 18:36:55,517 | INFO | DatabaseConnector | DatabaseConnector initialized: host=localhost, port=5432, dbname=backenddb, user=springuser
2025-05-28 18:37:21,417 | INFO | DatabaseConnector | DatabaseConnector initialized: host=localhost, port=5432, dbname=backenddb, user=springuser
2025-05-28 18:37:30,666 | INFO | DatabaseConnector | DatabaseConnector initialized: host=localhost, port=5432, dbname=backenddb, user=springuser
2025-05-28 18:38:03,208 | INFO | DatabaseConnector | DatabaseConnector initialized: host=localhost, port=5432, dbname=backenddb, user=springuser
2025-05-28 18:42:47,048 | INFO | DatabaseConnector | DatabaseConnector initialized: host=localhost, port=5432, dbname=backenddb, user=springuser
2025-05-28 18:46:17,223 | INFO | DatabaseConnector | DatabaseConnector initialized: host=localhost, port=5432, dbname=backenddb, user=springuser
2025-05-28 18:46:50,764 | INFO | DatabaseConnector | DatabaseConnector initialized: host=localhost, port=5432, dbname=backenddb, user=springuser
2025-05-28 18:51:16,811 | INFO | DatabaseConnector | DatabaseConnector initialized: host=localhost, port=5432, dbname=backenddb, user=springuser
2025-05-28 18:51:57,653 | INFO | DatabaseConnector | DatabaseConnector initialized: host=localhost, port=5432, dbname=backenddb, user=springuser
2025-05-28 18:56:41,317 | INFO | DatabaseConnector | DatabaseConnector initialized: host=localhost, port=5432, dbname=backenddb, user=springuser
2025-05-28 18:58:23,910 | INFO | DatabaseConnector | DatabaseConnector initialized: host=localhost, port=5432, dbname=backenddb, user=springuser
2025-05-28 18:59:56,998 | INFO | DatabaseConnector | DatabaseConnector initialized: host=localhost, port=5432, dbname=backenddb, user=springuser
2025-05-28 19:00:15,159 | INFO | DatabaseConnector | DatabaseConnector initialized: host=localhost, port=5432, dbname=backenddb, user=springuser
2025-05-28 19:04:50,109 | INFO | DatabaseConnector | DatabaseConnector initialized: host=localhost, port=5432, dbname=backenddb, user=springuser
2025-05-28 19:07:09,349 | INFO | DatabaseConnector | DatabaseConnector initialized: host=localhost, port=5432, dbname=backenddb, user=springuser
2025-05-28 19:08:50,360 | INFO | DatabaseConnector | DatabaseConnector initialized: host=localhost, port=5432, dbname=backenddb, user=springuser
2025-05-28 19:12:43,841 | INFO | DatabaseConnector | DatabaseConnector initialized: host=localhost, port=5432, dbname=backenddb, user=springuser
2025-05-28 19:13:53,238 | INFO | DatabaseConnector | DatabaseConnector initialized: host=localhost, port=5432, dbname=backenddb, user=springuser
2025-05-28 19:16:44,599 | INFO | DatabaseConnector | DatabaseConnector initialized: host=localhost, port=5432, dbname=backenddb, user=springuser
2025-05-28 19:16:59,291 | INFO | DatabaseConnector | DatabaseConnector initialized: host=localhost, port=5432, dbname=backenddb, user=springuser
2025-05-28 19:17:23,437 | INFO | DatabaseConnector | DatabaseConnector initialized: host=localhost, port=5432, dbname=backenddb, user=springuser
2025-05-28 19:17:48,973 | INFO | DatabaseConnector | DatabaseConnector initialized: host=localhost, port=5432, dbname=backenddb, user=springuser
2025-05-28 19:20:36,863 | INFO | DatabaseConnector | DatabaseConnector initialized: host=localhost, port=5432, dbname=backenddb, user=springuser
2025-05-28 19:25:34,998 | INFO | DatabaseConnector | DatabaseConnector initialized: host=localhost, port=5432, dbname=backenddb, user=springuser
2025-05-28 19:28:07,573 | INFO | DatabaseConnector | DatabaseConnector initialized: host=localhost, port=5432, dbname=backenddb, user=springuser
2025-05-28 19:29:58,155 | INFO | DatabaseConnector | DatabaseConnector initialized: host=localhost, port=5432, dbname=backenddb, user=springuser
2025-05-28 19:31:56,685 | INFO | DatabaseConnector | DatabaseConnector initialized: host=localhost, port=5432, dbname=backenddb, user=springuser
2025-05-28 19:35:13,074 | INFO | DatabaseConnector | DatabaseConnector initialized: host=localhost, port=5432, dbname=backenddb, user=springuser
2025-05-28 19:36:18,604 | INFO | DatabaseConnector | DatabaseConnector initialized: host=localhost, port=5432, dbname=backenddb, user=springuser
2025-05-28 19:41:39,735 | INFO | DatabaseConnector | DatabaseConnector initialized: host=localhost, port=5432, dbname=backenddb, user=springuser
2025-05-28 19:45:30,550 | INFO | DatabaseConnector | DatabaseConnector initialized: host=localhost, port=5432, dbname=backenddb, user=springuser
2025-05-28 19:48:51,644 | INFO | DatabaseConnector | DatabaseConnector initialized: host=localhost, port=5432, dbname=backenddb, user=springuser
2025-05-28 19:51:14,752 | INFO | DatabaseConnector | DatabaseConnector initialized: host=localhost, port=5432, dbname=backenddb, user=springuser
2025-05-28 20:07:20,193 | INFO | DatabaseConnector | DatabaseConnector initialized: host=localhost, port=5432, dbname=backenddb, user=springuser
2025-05-28 20:12:28,656 | INFO | DatabaseConnector | DatabaseConnector initialized: host=localhost, port=5432, dbname=backenddb, user=springuser
2025-05-28 20:13:47,013 | INFO | DatabaseConnector | DatabaseConnector initialized: host=localhost, port=5432, dbname=backenddb, user=springuser
2025-05-28 20:14:13,972 | INFO | DatabaseConnector | DatabaseConnector initialized: host=localhost, port=5432, dbname=backenddb, user=springuser
2025-05-28 20:15:34,334 | INFO | DatabaseConnector | DatabaseConnector initialized: host=localhost, port=5432, dbname=backenddb, user=springuser
2025-05-28 20:15:37,944 | INFO | DatabaseConnector | DatabaseConnector initialized: host=localhost, port=5432, dbname=backenddb, user=springuser
2025-05-28 20:16:29,298 | INFO | DatabaseConnector | DatabaseConnector initialized: host=localhost, port=5432, dbname=backenddb, user=springuser
2025-05-28 20:17:06,111 | INFO | DatabaseConnector | DatabaseConnector initialized: host=localhost, port=5432, dbname=backenddb, user=springuser
2025-05-28 20:18:10,450 | INFO | DatabaseConnector | DatabaseConnector initialized: host=localhost, port=5432, dbname=backenddb, user=springuser
2025-05-28 20:21:46,607 | INFO | DatabaseConnector | DatabaseConnector initialized: host=localhost, port=5432, dbname=backenddb, user=springuser
2025-05-28 20:24:25,001 | INFO | DatabaseConnector | DatabaseConnector initialized: host=localhost, port=5432, dbname=backenddb, user=springuser
2025-05-28 20:26:59,041 | INFO | DatabaseConnector | DatabaseConnector initialized: host=localhost, port=5432, dbname=backenddb, user=springuser
2025-05-28 20:30:27,884 | INFO | DatabaseConnector | DatabaseConnector initialized: host=localhost, port=5432, dbname=backenddb, user=springuser
2025-05-28 20:33:16,581 | INFO | DatabaseConnector | DatabaseConnector initialized: host=localhost, port=5432, dbname=backenddb, user=springuser
2025-05-28 20:33:32,733 | INFO | DatabaseConnector | DatabaseConnector initialized: host=localhost, port=5432, dbname=backenddb, user=springuser
2025-05-28 20:37:25,103 | INFO | DatabaseConnector | DatabaseConnector initialized: host=localhost, port=5432, dbname=backenddb, user=springuser
2025-05-28 20:37:40,161 | INFO | DatabaseConnector | DatabaseConnector initialized: host=localhost, port=5432, dbname=backenddb, user=springuser
2025-05-28 20:44:51,903 | INFO | DatabaseConnector | DatabaseConnector initialized: host=localhost, port=5432, dbname=backenddb, user=springuser
2025-05-28 20:49:10,198 | INFO | DatabaseConnector | DatabaseConnector initialized: host=localhost, port=5432, dbname=backenddb, user=springuser
2025-05-28 20:50:13,364 | INFO | DatabaseConnector | DatabaseConnector initialized: host=localhost, port=5432, dbname=backenddb, user=springuser
2025-05-28 20:55:15,746 | INFO | DatabaseConnector | DatabaseConnector initialized: host=localhost, port=5432, dbname=backenddb, user=springuser
2025-05-28 20:59:34,662 | INFO | DatabaseConnector | DatabaseConnector initialized: host=localhost, port=5432, dbname=backenddb, user=springuser
2025-05-28 21:02:49,537 | INFO | DatabaseConnector | DatabaseConnector initialized: host=localhost, port=5432, dbname=backenddb, user=springuser
2025-05-28 21:02:57,165 | INFO | DatabaseConnector | Database connection established.
2025-05-28 21:02:57,177 | INFO | DatabaseConnector | Conversation saved successfully.
2025-05-28 21:02:57,334 | INFO | DatabaseConnector | Database connection established.
2025-05-28 21:02:57,337 | INFO | DatabaseConnector | Conversation saved successfully.
2025-05-28 21:04:18,267 | INFO | DatabaseConnector | DatabaseConnector initialized: host=localhost, port=5432, dbname=backenddb, user=springuser
2025-05-28 21:04:25,880 | INFO | DatabaseConnector | Database connection established.
2025-05-28 21:04:25,882 | INFO | DatabaseConnector | Conversation saved successfully.
2025-05-28 21:04:25,930 | INFO | DatabaseConnector | Database connection established.
2025-05-28 21:04:25,933 | INFO | DatabaseConnector | Conversation saved successfully.
2025-05-28 21:04:25,983 | INFO | DatabaseConnector | Database connection established.
2025-05-28 21:04:25,986 | INFO | DatabaseConnector | Conversation saved successfully.
2025-05-28 21:05:29,476 | INFO | DatabaseConnector | Database connection established.
2025-05-28 21:05:29,479 | INFO | DatabaseConnector | Conversation saved successfully.
2025-05-28 21:05:29,526 | INFO | DatabaseConnector | Database connection established.
2025-05-28 21:05:29,528 | INFO | DatabaseConnector | Conversation saved successfully.
2025-05-28 21:05:29,571 | INFO | DatabaseConnector | Database connection established.
2025-05-28 21:05:29,574 | INFO | DatabaseConnector | Conversation saved successfully.
2025-05-28 21:08:21,054 | INFO | DatabaseConnector | DatabaseConnector initialized: host=localhost, port=5432, dbname=backenddb, user=springuser
2025-05-28 21:08:26,986 | INFO | DatabaseConnector | Database connection established.
2025-05-28 21:08:26,988 | INFO | DatabaseConnector | Conversation saved successfully.
2025-05-28 21:08:27,037 | INFO | DatabaseConnector | Database connection established.
2025-05-28 21:08:27,040 | INFO | DatabaseConnector | Conversation saved successfully.
2025-05-28 21:08:27,183 | INFO | DatabaseConnector | Database connection established.
2025-05-28 21:08:27,186 | INFO | DatabaseConnector | Conversation saved successfully.
2025-05-28 21:08:37,626 | INFO | DatabaseConnector | Database connection established.
2025-05-28 21:08:37,628 | INFO | DatabaseConnector | Conversation saved successfully.
2025-05-28 21:08:37,678 | INFO | DatabaseConnector | Database connection established.
2025-05-28 21:08:37,680 | INFO | DatabaseConnector | Conversation saved successfully.
2025-05-28 21:08:37,729 | INFO | DatabaseConnector | Database connection established.
2025-05-28 21:08:37,732 | INFO | DatabaseConnector | Conversation saved successfully.
2025-05-28 21:15:39,620 | INFO | DatabaseConnector | DatabaseConnector initialized: host=localhost, port=5432, dbname=backenddb, user=springuser
2025-05-28 21:15:47,208 | INFO | DatabaseConnector | Database connection established.
2025-05-28 21:15:47,212 | INFO | DatabaseConnector | Conversation saved successfully.
2025-05-28 21:15:47,263 | INFO | DatabaseConnector | Database connection established.
2025-05-28 21:15:47,266 | INFO | DatabaseConnector | Conversation saved successfully.
2025-05-28 21:15:47,312 | INFO | DatabaseConnector | Database connection established.
2025-05-28 21:15:47,315 | INFO | DatabaseConnector | Conversation saved successfully.
2025-05-28 21:16:24,392 | INFO | DatabaseConnector | DatabaseConnector initialized: host=localhost, port=5432, dbname=backenddb, user=springuser
2025-05-28 21:16:31,405 | INFO | DatabaseConnector | Database connection established.
2025-05-28 21:16:31,409 | INFO | DatabaseConnector | Conversation saved successfully.
2025-05-28 21:16:31,465 | INFO | DatabaseConnector | Database connection established.
2025-05-28 21:16:31,468 | INFO | DatabaseConnector | Conversation saved successfully.
2025-05-28 21:16:31,523 | INFO | DatabaseConnector | Database connection established.
2025-05-28 21:16:31,526 | INFO | DatabaseConnector | Conversation saved successfully.
2025-05-28 21:17:07,682 | INFO | DatabaseConnector | Database connection established.
2025-05-28 21:17:07,685 | INFO | DatabaseConnector | Conversation saved successfully.
2025-05-28 21:17:07,741 | INFO | DatabaseConnector | Database connection established.
2025-05-28 21:17:07,744 | INFO | DatabaseConnector | Conversation saved successfully.
2025-05-28 21:17:07,788 | INFO | DatabaseConnector | Database connection established.
2025-05-28 21:17:07,790 | INFO | DatabaseConnector | Conversation saved successfully.
2025-05-28 21:19:56,433 | INFO | DatabaseConnector | Database connection established.
2025-05-28 21:19:56,445 | INFO | DatabaseConnector | Conversation saved successfully.
2025-05-28 21:20:49,221 | INFO | DatabaseConnector | Database connection established.
2025-05-28 21:20:49,224 | INFO | DatabaseConnector | Conversation saved successfully.
2025-05-28 21:20:49,279 | INFO | DatabaseConnector | Database connection established.
2025-05-28 21:20:49,282 | INFO | DatabaseConnector | Conversation saved successfully.
2025-05-28 21:20:49,338 | INFO | DatabaseConnector | Database connection established.
2025-05-28 21:20:49,340 | INFO | DatabaseConnector | Conversation saved successfully.
2025-05-28 21:25:01,341 | INFO | DatabaseConnector | DatabaseConnector initialized: host=localhost, port=5432, dbname=backenddb, user=springuser
2025-05-28 21:25:50,441 | INFO | DatabaseConnector | DatabaseConnector initialized: host=localhost, port=5432, dbname=backenddb, user=springuser
2025-05-28 21:25:57,837 | INFO | DatabaseConnector | Database connection established.
2025-05-28 21:25:57,840 | INFO | DatabaseConnector | Conversation saved successfully.
2025-05-28 21:25:57,891 | INFO | DatabaseConnector | Database connection established.
2025-05-28 21:25:57,894 | INFO | DatabaseConnector | Conversation saved successfully.
2025-05-28 21:25:58,050 | INFO | DatabaseConnector | Database connection established.
2025-05-28 21:25:58,052 | INFO | DatabaseConnector | Conversation saved successfully.
2025-05-28 21:27:33,406 | INFO | DatabaseConnector | Database connection established.
2025-05-28 21:27:33,414 | INFO | DatabaseConnector | Conversation saved successfully.
2025-05-28 21:27:33,490 | INFO | DatabaseConnector | Database connection established.
2025-05-28 21:27:33,493 | INFO | DatabaseConnector | Conversation saved successfully.
2025-05-28 21:27:33,644 | INFO | DatabaseConnector | Database connection established.
2025-05-28 21:27:33,646 | INFO | DatabaseConnector | Conversation saved successfully.
2025-05-28 21:29:41,240 | INFO | DatabaseConnector | DatabaseConnector initialized: host=localhost, port=5432, dbname=backenddb, user=springuser
2025-05-28 21:30:13,682 | INFO | DatabaseConnector | DatabaseConnector initialized: host=localhost, port=5432, dbname=backenddb, user=springuser
2025-05-28 21:30:38,800 | INFO | DatabaseConnector | Database connection established.
2025-05-28 21:30:38,803 | INFO | DatabaseConnector | Conversation saved successfully.
2025-05-28 21:30:38,851 | INFO | DatabaseConnector | Database connection established.
2025-05-28 21:30:38,853 | INFO | DatabaseConnector | Conversation saved successfully.
2025-05-28 21:30:38,904 | INFO | DatabaseConnector | Database connection established.
2025-05-28 21:30:38,907 | INFO | DatabaseConnector | Conversation saved successfully.
2025-05-28 21:35:33,821 | INFO | DatabaseConnector | Database connection established.
2025-05-28 21:35:33,824 | INFO | DatabaseConnector | Conversation saved successfully.
2025-05-28 21:35:33,873 | INFO | DatabaseConnector | Database connection established.
2025-05-28 21:35:33,876 | INFO | DatabaseConnector | Conversation saved successfully.
2025-05-28 21:35:34,028 | INFO | DatabaseConnector | Database connection established.
2025-05-28 21:35:34,030 | INFO | DatabaseConnector | Conversation saved successfully.
2025-05-28 21:36:09,906 | INFO | DatabaseConnector | DatabaseConnector initialized: host=localhost, port=5432, dbname=backenddb, user=springuser
2025-05-28 21:36:40,406 | INFO | DatabaseConnector | Database connection established.
2025-05-28 21:36:40,410 | INFO | DatabaseConnector | Conversation saved successfully.
2025-05-28 21:36:40,460 | INFO | DatabaseConnector | Database connection established.
2025-05-28 21:36:40,462 | INFO | DatabaseConnector | Conversation saved successfully.
2025-05-28 21:36:40,506 | INFO | DatabaseConnector | Database connection established.
2025-05-28 21:36:40,509 | INFO | DatabaseConnector | Conversation saved successfully.
2025-05-28 21:43:33,190 | INFO | DatabaseConnector | DatabaseConnector initialized: host=localhost, port=5432, dbname=backenddb, user=springuser
2025-05-28 21:43:40,527 | INFO | DatabaseConnector | Database connection established.
2025-05-28 21:43:40,530 | INFO | DatabaseConnector | Conversation saved successfully.
2025-05-28 21:43:40,583 | INFO | DatabaseConnector | Database connection established.
2025-05-28 21:43:40,586 | INFO | DatabaseConnector | Conversation saved successfully.
2025-05-28 21:43:40,641 | INFO | DatabaseConnector | Database connection established.
2025-05-28 21:43:40,645 | INFO | DatabaseConnector | Conversation saved successfully.
2025-05-28 21:44:28,172 | INFO | DatabaseConnector | Database connection established.
2025-05-28 21:44:28,175 | INFO | DatabaseConnector | Conversation saved successfully.
2025-05-28 21:44:28,225 | INFO | DatabaseConnector | Database connection established.
2025-05-28 21:44:28,228 | INFO | DatabaseConnector | Conversation saved successfully.
2025-05-28 21:44:28,370 | INFO | DatabaseConnector | Database connection established.
2025-05-28 21:44:28,373 | INFO | DatabaseConnector | Conversation saved successfully.
2025-05-28 21:53:08,088 | INFO | DatabaseConnector | DatabaseConnector initialized: host=localhost, port=5432, dbname=backenddb, user=springuser
2025-05-28 21:53:18,241 | INFO | DatabaseConnector | Database connection established.
2025-05-28 21:53:18,246 | INFO | DatabaseConnector | Conversation saved successfully.
2025-05-28 21:53:18,300 | INFO | DatabaseConnector | Database connection established.
2025-05-28 21:53:18,303 | INFO | DatabaseConnector | Conversation saved successfully.
2025-05-28 21:53:18,447 | INFO | DatabaseConnector | Database connection established.
2025-05-28 21:53:18,450 | INFO | DatabaseConnector | Conversation saved successfully.
2025-05-28 21:55:03,773 | INFO | DatabaseConnector | DatabaseConnector initialized: host=localhost, port=5432, dbname=backenddb, user=springuser
2025-05-28 21:58:30,351 | INFO | DatabaseConnector | DatabaseConnector initialized: host=localhost, port=5432, dbname=backenddb, user=springuser
2025-05-28 21:58:37,646 | INFO | DatabaseConnector | Database connection established.
2025-05-28 21:58:37,649 | INFO | DatabaseConnector | Conversation saved successfully.
2025-05-28 21:58:37,699 | INFO | DatabaseConnector | Database connection established.
2025-05-28 21:58:37,701 | INFO | DatabaseConnector | Conversation saved successfully.
2025-05-28 21:58:37,752 | INFO | DatabaseConnector | Database connection established.
2025-05-28 21:58:37,755 | INFO | DatabaseConnector | Conversation saved successfully.
2025-05-28 22:02:11,796 | INFO | DatabaseConnector | DatabaseConnector initialized: host=localhost, port=5432, dbname=backenddb, user=springuser
2025-05-28 22:02:42,260 | INFO | DatabaseConnector | DatabaseConnector initialized: host=localhost, port=5432, dbname=backenddb, user=springuser
2025-05-28 22:03:37,031 | INFO | DatabaseConnector | Database connection established.
2025-05-28 22:03:37,035 | INFO | DatabaseConnector | Conversation saved successfully.
2025-05-28 22:03:37,086 | INFO | DatabaseConnector | Database connection established.
2025-05-28 22:03:37,088 | INFO | DatabaseConnector | Conversation saved successfully.
2025-05-28 22:03:37,134 | INFO | DatabaseConnector | Database connection established.
2025-05-28 22:03:37,136 | INFO | DatabaseConnector | Conversation saved successfully.
2025-05-28 22:08:08,179 | INFO | DatabaseConnector | DatabaseConnector initialized: host=localhost, port=5432, dbname=backenddb, user=springuser
2025-05-28 22:08:19,461 | INFO | DatabaseConnector | Database connection established.
2025-05-28 22:08:19,464 | INFO | DatabaseConnector | Conversation saved successfully.
2025-05-28 22:08:19,616 | INFO | DatabaseConnector | Database connection established.
2025-05-28 22:08:19,619 | INFO | DatabaseConnector | Conversation saved successfully.
2025-05-28 22:08:19,659 | INFO | DatabaseConnector | Database connection established.
2025-05-28 22:08:19,662 | INFO | DatabaseConnector | Conversation saved successfully.
2025-05-28 22:09:14,184 | INFO | DatabaseConnector | DatabaseConnector initialized: host=localhost, port=5432, dbname=backenddb, user=springuser
2025-05-28 22:09:22,561 | INFO | DatabaseConnector | Database connection established.
2025-05-28 22:09:22,564 | INFO | DatabaseConnector | Conversation saved successfully.
2025-05-28 22:09:22,608 | INFO | DatabaseConnector | Database connection established.
2025-05-28 22:09:22,610 | INFO | DatabaseConnector | Conversation saved successfully.
2025-05-28 22:09:22,652 | INFO | DatabaseConnector | Database connection established.
2025-05-28 22:09:22,655 | INFO | DatabaseConnector | Conversation saved successfully.
2025-05-28 22:12:53,320 | INFO | DatabaseConnector | DatabaseConnector initialized: host=localhost, port=5432, dbname=backenddb, user=springuser
2025-05-28 22:14:32,324 | INFO | DatabaseConnector | DatabaseConnector initialized: host=localhost, port=5432, dbname=backenddb, user=springuser
2025-05-28 22:14:42,188 | INFO | DatabaseConnector | Database connection established.
2025-05-28 22:14:42,193 | INFO | DatabaseConnector | Conversation saved successfully.
2025-05-28 22:14:42,258 | INFO | DatabaseConnector | Database connection established.
2025-05-28 22:14:42,260 | INFO | DatabaseConnector | Conversation saved successfully.
2025-05-28 22:14:42,316 | INFO | DatabaseConnector | Database connection established.
2025-05-28 22:14:42,318 | INFO | DatabaseConnector | Conversation saved successfully.
2025-05-28 22:15:41,695 | INFO | DatabaseConnector | Database connection established.
2025-05-28 22:15:41,698 | INFO | DatabaseConnector | Conversation saved successfully.
2025-05-28 22:15:41,746 | INFO | DatabaseConnector | Database connection established.
2025-05-28 22:15:41,748 | INFO | DatabaseConnector | Conversation saved successfully.
2025-05-28 22:15:41,802 | INFO | DatabaseConnector | Database connection established.
2025-05-28 22:15:41,805 | INFO | DatabaseConnector | Conversation saved successfully.
2025-05-28 22:17:49,186 | INFO | DatabaseConnector | DatabaseConnector initialized: host=localhost, port=5432, dbname=backenddb, user=springuser
2025-05-28 22:17:56,212 | INFO | DatabaseConnector | Database connection established.
2025-05-28 22:17:56,216 | INFO | DatabaseConnector | Conversation saved successfully.
2025-05-28 22:17:56,267 | INFO | DatabaseConnector | Database connection established.
2025-05-28 22:17:56,270 | INFO | DatabaseConnector | Conversation saved successfully.
2025-05-28 22:17:56,427 | INFO | DatabaseConnector | Database connection established.
2025-05-28 22:17:56,429 | INFO | DatabaseConnector | Conversation saved successfully.
2025-05-28 22:20:18,962 | INFO | DatabaseConnector | DatabaseConnector initialized: host=localhost, port=5432, dbname=backenddb, user=springuser
2025-05-28 22:20:30,865 | INFO | DatabaseConnector | Database connection established.
2025-05-28 22:20:30,868 | INFO | DatabaseConnector | Conversation saved successfully.
2025-05-28 22:20:30,926 | INFO | DatabaseConnector | Database connection established.
2025-05-28 22:20:30,928 | INFO | DatabaseConnector | Conversation saved successfully.
2025-05-28 22:20:30,983 | INFO | DatabaseConnector | Database connection established.
2025-05-28 22:20:30,985 | INFO | DatabaseConnector | Conversation saved successfully.
2025-05-28 22:22:11,373 | INFO | DatabaseConnector | DatabaseConnector initialized: host=localhost, port=5432, dbname=backenddb, user=springuser
2025-05-28 22:24:09,598 | INFO | DatabaseConnector | DatabaseConnector initialized: host=localhost, port=5432, dbname=backenddb, user=springuser
2025-05-28 22:24:21,757 | INFO | DatabaseConnector | Database connection established.
2025-05-28 22:24:21,760 | INFO | DatabaseConnector | Conversation saved successfully.
2025-05-28 22:24:21,808 | INFO | DatabaseConnector | Database connection established.
2025-05-28 22:24:21,810 | INFO | DatabaseConnector | Conversation saved successfully.
2025-05-28 22:24:21,853 | INFO | DatabaseConnector | Database connection established.
2025-05-28 22:24:21,855 | INFO | DatabaseConnector | Conversation saved successfully.
2025-05-28 22:25:10,406 | INFO | DatabaseConnector | Database connection established.
2025-05-28 22:25:10,409 | INFO | DatabaseConnector | Conversation saved successfully.
2025-05-28 22:25:10,463 | INFO | DatabaseConnector | Database connection established.
2025-05-28 22:25:10,466 | INFO | DatabaseConnector | Conversation saved successfully.
2025-05-28 22:25:10,517 | INFO | DatabaseConnector | Database connection established.
2025-05-28 22:25:10,519 | INFO | DatabaseConnector | Conversation saved successfully.
2025-05-28 22:31:47,022 | INFO | DatabaseConnector | DatabaseConnector initialized: host=localhost, port=5432, dbname=backenddb, user=springuser
2025-05-28 22:32:50,013 | INFO | DatabaseConnector | DatabaseConnector initialized: host=localhost, port=5432, dbname=backenddb, user=springuser
2025-05-28 22:33:00,311 | INFO | DatabaseConnector | Database connection established.
2025-05-28 22:33:00,313 | INFO | DatabaseConnector | Conversation saved successfully.
2025-05-28 22:33:00,361 | INFO | DatabaseConnector | Database connection established.
2025-05-28 22:33:00,364 | INFO | DatabaseConnector | Conversation saved successfully.
2025-05-28 22:33:00,407 | INFO | DatabaseConnector | Database connection established.
2025-05-28 22:33:00,411 | INFO | DatabaseConnector | Conversation saved successfully.
2025-05-28 22:33:31,035 | INFO | DatabaseConnector | DatabaseConnector initialized: host=localhost, port=5432, dbname=backenddb, user=springuser
2025-05-28 22:34:20,113 | INFO | DatabaseConnector | DatabaseConnector initialized: host=localhost, port=5432, dbname=backenddb, user=springuser
2025-05-28 22:39:04,310 | INFO | DatabaseConnector | DatabaseConnector initialized: host=localhost, port=5432, dbname=backenddb, user=springuser
2025-05-28 22:40:26,504 | INFO | DatabaseConnector | DatabaseConnector initialized: host=localhost, port=5432, dbname=backenddb, user=springuser
2025-05-28 22:51:47,611 | INFO | DatabaseConnector | DatabaseConnector initialized: host=localhost, port=5432, dbname=backenddb, user=springuser
2025-05-28 23:03:09,036 | INFO | DatabaseConnector | DatabaseConnector initialized: host=localhost, port=5432, dbname=backenddb, user=springuser
2025-05-28 23:05:34,304 | INFO | DatabaseConnector | DatabaseConnector initialized: host=localhost, port=5432, dbname=backenddb, user=springuser
2025-05-28 23:06:26,357 | INFO | DatabaseConnector | Database connection established.
2025-05-28 23:06:26,370 | INFO | DatabaseConnector | Conversation saved successfully.
2025-05-28 23:06:26,413 | INFO | DatabaseConnector | Database connection established.
2025-05-28 23:06:26,415 | INFO | DatabaseConnector | Conversation saved successfully.
2025-05-28 23:06:26,457 | INFO | DatabaseConnector | Database connection established.
2025-05-28 23:06:26,459 | INFO | DatabaseConnector | Conversation saved successfully.
2025-05-28 23:07:19,833 | INFO | DatabaseConnector | DatabaseConnector initialized: host=localhost, port=5432, dbname=backenddb, user=springuser
2025-05-28 23:09:47,570 | INFO | DatabaseConnector | DatabaseConnector initialized: host=localhost, port=5432, dbname=backenddb, user=springuser
2025-05-28 23:10:23,361 | INFO | DatabaseConnector | DatabaseConnector initialized: host=localhost, port=5432, dbname=backenddb, user=springuser
2025-05-28 23:10:32,723 | INFO | DatabaseConnector | Database connection established.
2025-05-28 23:10:32,725 | INFO | DatabaseConnector | Conversation saved successfully.
2025-05-28 23:10:32,773 | INFO | DatabaseConnector | Database connection established.
2025-05-28 23:10:32,776 | INFO | DatabaseConnector | Conversation saved successfully.
2025-05-28 23:10:32,824 | INFO | DatabaseConnector | Database connection established.
2025-05-28 23:10:32,833 | INFO | DatabaseConnector | Conversation saved successfully.
2025-05-28 23:11:45,008 | INFO | DatabaseConnector | DatabaseConnector initialized: host=localhost, port=5432, dbname=backenddb, user=springuser
2025-05-28 23:12:00,961 | INFO | DatabaseConnector | Database connection established.
2025-05-28 23:12:00,965 | INFO | DatabaseConnector | Conversation saved successfully.
2025-05-28 23:12:01,016 | INFO | DatabaseConnector | Database connection established.
2025-05-28 23:12:01,019 | INFO | DatabaseConnector | Conversation saved successfully.
2025-05-28 23:12:01,074 | INFO | DatabaseConnector | Database connection established.
2025-05-28 23:12:01,077 | INFO | DatabaseConnector | Conversation saved successfully.
2025-05-28 23:16:50,458 | INFO | DatabaseConnector | DatabaseConnector initialized: host=localhost, port=5432, dbname=backenddb, user=springuser
2025-05-28 23:17:11,047 | INFO | DatabaseConnector | DatabaseConnector initialized: host=localhost, port=5432, dbname=backenddb, user=springuser
2025-05-28 23:24:09,204 | INFO | DatabaseConnector | DatabaseConnector initialized: host=localhost, port=5432, dbname=backenddb, user=springuser
2025-05-28 23:24:47,581 | INFO | DatabaseConnector | DatabaseConnector initialized: host=localhost, port=5432, dbname=backenddb, user=springuser
2025-05-28 23:24:59,262 | INFO | DatabaseConnector | Database connection established.
2025-05-28 23:24:59,265 | INFO | DatabaseConnector | Conversation saved successfully.
2025-05-28 23:24:59,413 | INFO | DatabaseConnector | Database connection established.
2025-05-28 23:24:59,416 | INFO | DatabaseConnector | Conversation saved successfully.
2025-05-28 23:24:59,457 | INFO | DatabaseConnector | Database connection established.
2025-05-28 23:24:59,460 | INFO | DatabaseConnector | Conversation saved successfully.
2025-05-28 23:25:06,195 | INFO | DatabaseConnector | Database connection established.
2025-05-28 23:25:06,198 | INFO | DatabaseConnector | Conversation saved successfully.
2025-05-28 23:25:06,247 | INFO | DatabaseConnector | Database connection established.
2025-05-28 23:25:06,251 | INFO | DatabaseConnector | Conversation saved successfully.
2025-05-28 23:25:06,298 | INFO | DatabaseConnector | Database connection established.
2025-05-28 23:25:06,301 | INFO | DatabaseConnector | Conversation saved successfully.
2025-05-28 23:29:09,252 | INFO | DatabaseConnector | DatabaseConnector initialized: host=localhost, port=5432, dbname=backenddb, user=springuser
2025-05-28 23:29:23,070 | INFO | DatabaseConnector | Database connection established.
2025-05-28 23:29:23,073 | INFO | DatabaseConnector | Conversation saved successfully.
2025-05-28 23:29:23,122 | INFO | DatabaseConnector | Database connection established.
2025-05-28 23:29:23,124 | INFO | DatabaseConnector | Conversation saved successfully.
2025-05-28 23:29:23,281 | INFO | DatabaseConnector | Database connection established.
2025-05-28 23:29:23,283 | INFO | DatabaseConnector | Conversation saved successfully.
2025-05-28 23:37:00,722 | INFO | DatabaseConnector | DatabaseConnector initialized: host=localhost, port=5432, dbname=backenddb, user=springuser
2025-05-28 23:38:12,587 | INFO | DatabaseConnector | DatabaseConnector initialized: host=localhost, port=5432, dbname=backenddb, user=springuser
2025-05-28 23:39:19,966 | INFO | DatabaseConnector | DatabaseConnector initialized: host=localhost, port=5432, dbname=backenddb, user=springuser
2025-05-28 23:41:47,292 | INFO | DatabaseConnector | DatabaseConnector initialized: host=localhost, port=5432, dbname=backenddb, user=springuser
2025-05-28 23:42:17,167 | INFO | DatabaseConnector | DatabaseConnector initialized: host=localhost, port=5432, dbname=backenddb, user=springuser
2025-05-28 23:43:49,068 | INFO | DatabaseConnector | DatabaseConnector initialized: host=localhost, port=5432, dbname=backenddb, user=springuser
2025-05-28 23:43:55,091 | INFO | DatabaseConnector | Database connection established.
2025-05-28 23:43:55,092 | INFO | DatabaseConnector | Conversation saved successfully.
2025-05-28 23:44:35,761 | INFO | DatabaseConnector | DatabaseConnector initialized: host=localhost, port=5432, dbname=backenddb, user=springuser
2025-05-28 23:44:48,224 | INFO | DatabaseConnector | Database connection established.
2025-05-28 23:44:48,224 | INFO | DatabaseConnector | Conversation saved successfully.
2025-05-28 23:45:09,424 | INFO | DatabaseConnector | Database connection established.
2025-05-28 23:45:09,427 | INFO | DatabaseConnector | Conversation saved successfully.
2025-05-28 23:45:09,467 | INFO | DatabaseConnector | Database connection established.
2025-05-28 23:45:09,470 | INFO | DatabaseConnector | Conversation saved successfully.
2025-05-28 23:45:09,510 | INFO | DatabaseConnector | Database connection established.
2025-05-28 23:45:09,510 | ERROR | DatabaseConnector | Error inserting into database: can't adapt type 'dict'
2025-05-28 23:46:23,537 | INFO | DatabaseConnector | Database connection established.
2025-05-28 23:46:23,539 | INFO | DatabaseConnector | Conversation saved successfully.
2025-05-28 23:48:50,247 | INFO | DatabaseConnector | DatabaseConnector initialized: host=localhost, port=5432, dbname=backenddb, user=springuser
2025-05-28 23:49:02,209 | INFO | DatabaseConnector | Database connection established.
2025-05-28 23:49:02,212 | INFO | DatabaseConnector | Conversation saved successfully.
2025-05-28 23:49:02,374 | INFO | DatabaseConnector | Database connection established.
2025-05-28 23:49:02,376 | INFO | DatabaseConnector | Conversation saved successfully.
2025-05-28 23:49:02,418 | INFO | DatabaseConnector | Database connection established.
2025-05-28 23:49:02,421 | INFO | DatabaseConnector | Conversation saved successfully.
2025-05-28 23:49:07,393 | INFO | DatabaseConnector | Database connection established.
2025-05-28 23:49:07,395 | INFO | DatabaseConnector | Conversation saved successfully.
2025-05-28 23:50:19,451 | INFO | DatabaseConnector | DatabaseConnector initialized: host=localhost, port=5432, dbname=backenddb, user=springuser
2025-05-28 23:50:34,404 | INFO | DatabaseConnector | Database connection established.
2025-05-28 23:50:34,406 | INFO | DatabaseConnector | Conversation saved successfully.
2025-05-28 23:54:38,541 | INFO | DatabaseConnector | DatabaseConnector initialized: host=localhost, port=5432, dbname=backenddb, user=springuser
2025-05-28 23:54:48,719 | INFO | DatabaseConnector | Database connection established.
2025-05-28 23:54:48,719 | INFO | DatabaseConnector | Conversation saved successfully.
2025-05-28 23:56:01,025 | INFO | DatabaseConnector | DatabaseConnector initialized: host=localhost, port=5432, dbname=backenddb, user=springuser
2025-05-29 00:01:22,628 | INFO | DatabaseConnector | DatabaseConnector initialized: host=localhost, port=5432, dbname=backenddb, user=springuser
2025-05-29 00:05:59,543 | INFO | DatabaseConnector | DatabaseConnector initialized: host=localhost, port=5432, dbname=backenddb, user=springuser
2025-05-29 00:06:57,529 | INFO | DatabaseConnector | DatabaseConnector initialized: host=localhost, port=5432, dbname=backenddb, user=springuser
2025-05-29 00:08:57,253 | INFO | DatabaseConnector | DatabaseConnector initialized: host=localhost, port=5432, dbname=backenddb, user=springuser
2025-05-29 00:09:09,262 | INFO | DatabaseConnector | Database connection established.
2025-05-29 00:09:09,277 | INFO | DatabaseConnector | Conversation saved successfully.
2025-05-29 00:09:09,327 | INFO | DatabaseConnector | Database connection established.
2025-05-29 00:09:09,327 | INFO | DatabaseConnector | Conversation saved successfully.
2025-05-29 00:10:30,417 | INFO | DatabaseConnector | DatabaseConnector initialized: host=localhost, port=5432, dbname=backenddb, user=springuser
2025-05-29 00:10:42,203 | INFO | DatabaseConnector | Database connection established.
2025-05-29 00:10:42,207 | INFO | DatabaseConnector | Conversation saved successfully.
2025-05-29 00:10:42,270 | INFO | DatabaseConnector | Database connection established.
2025-05-29 00:10:42,274 | INFO | DatabaseConnector | Conversation saved successfully.
2025-05-29 00:18:06,610 | INFO | DatabaseConnector | DatabaseConnector initialized: host=localhost, port=5432, dbname=backenddb, user=springuser
2025-05-29 00:18:25,898 | INFO | DatabaseConnector | DatabaseConnector initialized: host=localhost, port=5432, dbname=backenddb, user=springuser
2025-05-29 01:19:06,399 | INFO | DatabaseConnector | DatabaseConnector initialized: host=localhost, port=5432, dbname=backenddb, user=springuser
2025-05-29 01:21:23,775 | INFO | DatabaseConnector | DatabaseConnector initialized: host=localhost, port=5432, dbname=backenddb, user=springuser
2025-05-29 01:26:51,209 | INFO | DatabaseConnector | DatabaseConnector initialized: host=localhost, port=5432, dbname=backenddb, user=springuser
2025-05-29 01:27:35,253 | INFO | DatabaseConnector | DatabaseConnector initialized: host=localhost, port=5432, dbname=backenddb, user=springuser
2025-05-29 01:29:08,356 | INFO | DatabaseConnector | DatabaseConnector initialized: host=localhost, port=5432, dbname=backenddb, user=springuser
2025-05-29 02:26:18,267 | INFO | DatabaseConnector | Database connection established.
2025-05-29 02:26:18,271 | INFO | DatabaseConnector | Conversation saved successfully.
2025-05-29 02:26:18,323 | INFO | DatabaseConnector | Database connection established.
2025-05-29 02:26:18,325 | INFO | DatabaseConnector | Conversation saved successfully.
2025-05-29 02:26:18,372 | INFO | DatabaseConnector | Database connection established.
2025-05-29 02:26:18,373 | ERROR | DatabaseConnector | Error inserting into database: can't adapt type 'dict'
2025-05-29 02:27:00,675 | INFO | DatabaseConnector | DatabaseConnector initialized: host=localhost, port=5432, dbname=backenddb, user=springuser
2025-05-29 02:27:10,390 | INFO | DatabaseConnector | Database connection established.
2025-05-29 02:27:10,392 | INFO | DatabaseConnector | Conversation saved successfully.
2025-05-29 02:27:10,447 | INFO | DatabaseConnector | Database connection established.
2025-05-29 02:27:10,449 | INFO | DatabaseConnector | Conversation saved successfully.
2025-05-29 02:27:10,597 | INFO | DatabaseConnector | Database connection established.
2025-05-29 02:27:10,597 | INFO | DatabaseConnector | Conversation saved successfully.
2025-05-29 02:27:36,149 | INFO | DatabaseConnector | Database connection established.
2025-05-29 02:27:36,157 | INFO | DatabaseConnector | Conversation saved successfully.
2025-05-29 02:27:36,206 | INFO | DatabaseConnector | Database connection established.
2025-05-29 02:27:36,209 | INFO | DatabaseConnector | Conversation saved successfully.
2025-05-29 02:27:36,258 | INFO | DatabaseConnector | Database connection established.
2025-05-29 02:27:36,259 | INFO | DatabaseConnector | Conversation saved successfully.
2025-05-29 02:29:14,683 | INFO | DatabaseConnector | Database connection established.
2025-05-29 02:29:14,690 | INFO | DatabaseConnector | Conversation saved successfully.
2025-05-29 02:29:14,748 | INFO | DatabaseConnector | Database connection established.
2025-05-29 02:29:14,751 | INFO | DatabaseConnector | Conversation saved successfully.
2025-05-29 02:29:14,807 | INFO | DatabaseConnector | Database connection established.
2025-05-29 02:29:14,809 | INFO | DatabaseConnector | Conversation saved successfully.
2025-05-29 02:29:33,287 | INFO | DatabaseConnector | Database connection established.
2025-05-29 02:29:33,303 | INFO | DatabaseConnector | Conversation saved successfully.
2025-05-29 02:29:33,345 | INFO | DatabaseConnector | Database connection established.
2025-05-29 02:29:33,347 | INFO | DatabaseConnector | Conversation saved successfully.
2025-05-29 02:29:33,387 | INFO | DatabaseConnector | Database connection established.
2025-05-29 02:29:33,388 | ERROR | DatabaseConnector | Error inserting into database: can't adapt type 'dict'
2025-05-29 02:29:57,534 | INFO | DatabaseConnector | Database connection established.
2025-05-29 02:29:57,544 | INFO | DatabaseConnector | Conversation saved successfully.
2025-05-29 02:29:57,584 | INFO | DatabaseConnector | Database connection established.
2025-05-29 02:29:57,587 | INFO | DatabaseConnector | Conversation saved successfully.
2025-05-29 02:29:57,625 | INFO | DatabaseConnector | Database connection established.
2025-05-29 02:29:57,626 | ERROR | DatabaseConnector | Error inserting into database: can't adapt type 'dict'
2025-05-29 02:30:35,860 | INFO | DatabaseConnector | DatabaseConnector initialized: host=localhost, port=5432, dbname=backenddb, user=springuser
2025-05-29 02:31:02,108 | INFO | DatabaseConnector | Database connection established.
2025-05-29 02:31:02,111 | INFO | DatabaseConnector | Conversation saved successfully.
2025-05-29 02:31:02,153 | INFO | DatabaseConnector | Database connection established.
2025-05-29 02:31:02,155 | INFO | DatabaseConnector | Conversation saved successfully.
2025-05-29 02:31:02,200 | INFO | DatabaseConnector | Database connection established.
2025-05-29 02:31:02,202 | INFO | DatabaseConnector | Conversation saved successfully.
2025-05-29 02:32:15,312 | INFO | DatabaseConnector | Database connection established.
2025-05-29 02:32:15,315 | INFO | DatabaseConnector | Conversation saved successfully.
2025-05-29 02:32:15,360 | INFO | DatabaseConnector | Database connection established.
2025-05-29 02:32:15,364 | INFO | DatabaseConnector | Conversation saved successfully.
2025-05-29 02:32:15,413 | INFO | DatabaseConnector | Database connection established.
2025-05-29 02:32:15,416 | INFO | DatabaseConnector | Conversation saved successfully.
2025-05-29 02:35:53,355 | INFO | DatabaseConnector | Database connection established.
2025-05-29 02:35:53,358 | INFO | DatabaseConnector | Conversation saved successfully.
2025-05-29 02:35:53,400 | INFO | DatabaseConnector | Database connection established.
2025-05-29 02:35:53,404 | INFO | DatabaseConnector | Conversation saved successfully.
2025-05-29 02:35:53,444 | INFO | DatabaseConnector | Database connection established.
2025-05-29 02:35:53,444 | ERROR | DatabaseConnector | Error inserting into database: can't adapt type 'dict'
2025-05-29 02:36:51,585 | INFO | DatabaseConnector | DatabaseConnector initialized: host=localhost, port=5432, dbname=backenddb, user=springuser
2025-05-29 02:37:01,234 | INFO | DatabaseConnector | Database connection established.
2025-05-29 02:37:01,237 | INFO | DatabaseConnector | Conversation saved successfully.
2025-05-29 02:37:01,288 | INFO | DatabaseConnector | Database connection established.
2025-05-29 02:37:01,291 | INFO | DatabaseConnector | Conversation saved successfully.
2025-05-29 02:37:01,342 | INFO | DatabaseConnector | Database connection established.
2025-05-29 02:37:01,342 | INFO | DatabaseConnector | Conversation saved successfully.
2025-05-29 02:37:09,239 | INFO | DatabaseConnector | Database connection established.
2025-05-29 02:37:09,241 | INFO | DatabaseConnector | Conversation saved successfully.
2025-05-29 02:37:09,294 | INFO | DatabaseConnector | Database connection established.
2025-05-29 02:37:09,297 | INFO | DatabaseConnector | Conversation saved successfully.
2025-05-29 02:37:09,348 | INFO | DatabaseConnector | Database connection established.
2025-05-29 02:37:09,350 | INFO | DatabaseConnector | Conversation saved successfully.
2025-05-29 02:37:25,389 | INFO | DatabaseConnector | Database connection established.
2025-05-29 02:37:25,392 | INFO | DatabaseConnector | Conversation saved successfully.
2025-05-29 02:37:25,444 | INFO | DatabaseConnector | Database connection established.
2025-05-29 02:37:25,447 | INFO | DatabaseConnector | Conversation saved successfully.
2025-05-29 02:37:25,494 | INFO | DatabaseConnector | Database connection established.
2025-05-29 02:37:25,500 | INFO | DatabaseConnector | Conversation saved successfully.
2025-05-29 02:37:36,863 | INFO | DatabaseConnector | Database connection established.
2025-05-29 02:37:36,872 | INFO | DatabaseConnector | Conversation saved successfully.
2025-05-29 02:37:36,914 | INFO | DatabaseConnector | Database connection established.
2025-05-29 02:37:36,916 | INFO | DatabaseConnector | Conversation saved successfully.
2025-05-29 02:37:37,062 | INFO | DatabaseConnector | Database connection established.
2025-05-29 02:37:37,062 | INFO | DatabaseConnector | Conversation saved successfully.
2025-05-29 02:49:13,471 | INFO | DatabaseConnector | DatabaseConnector initialized: host=localhost, port=5432, dbname=backenddb, user=springuser
2025-05-29 02:49:42,232 | INFO | DatabaseConnector | Database connection established.
2025-05-29 02:49:42,232 | INFO | DatabaseConnector | Conversation saved successfully.
2025-05-29 02:49:42,379 | INFO | DatabaseConnector | Database connection established.
2025-05-29 02:49:42,379 | INFO | DatabaseConnector | Conversation saved successfully.
2025-05-29 02:49:42,427 | INFO | DatabaseConnector | Database connection established.
2025-05-29 02:49:42,429 | INFO | DatabaseConnector | Conversation saved successfully.
2025-05-29 02:56:33,859 | INFO | DatabaseConnector | DatabaseConnector initialized: host=localhost, port=5432, dbname=backenddb, user=springuser
2025-05-29 02:57:05,603 | INFO | DatabaseConnector | Database connection established.
2025-05-29 02:57:05,603 | INFO | DatabaseConnector | Conversation saved successfully.
2025-05-29 02:57:05,660 | INFO | DatabaseConnector | Database connection established.
2025-05-29 02:57:05,662 | INFO | DatabaseConnector | Conversation saved successfully.
2025-05-29 02:57:05,794 | INFO | DatabaseConnector | Database connection established.
2025-05-29 02:57:05,810 | INFO | DatabaseConnector | Conversation saved successfully.
2025-05-29 02:57:17,093 | INFO | DatabaseConnector | Database connection established.
2025-05-29 02:57:17,103 | INFO | DatabaseConnector | Conversation saved successfully.
2025-05-29 02:57:17,146 | INFO | DatabaseConnector | Database connection established.
2025-05-29 02:57:17,146 | INFO | DatabaseConnector | Conversation saved successfully.
2025-05-29 02:57:17,189 | INFO | DatabaseConnector | Database connection established.
2025-05-29 02:57:17,192 | INFO | DatabaseConnector | Conversation saved successfully.
2025-05-29 02:59:48,060 | INFO | DatabaseConnector | DatabaseConnector initialized: host=localhost, port=5432, dbname=backenddb, user=springuser
2025-05-29 02:59:57,227 | INFO | DatabaseConnector | Database connection established.
2025-05-29 02:59:57,229 | INFO | DatabaseConnector | Conversation saved successfully.
2025-05-29 02:59:57,281 | INFO | DatabaseConnector | Database connection established.
2025-05-29 02:59:57,284 | INFO | DatabaseConnector | Conversation saved successfully.
2025-05-29 02:59:57,334 | INFO | DatabaseConnector | Database connection established.
2025-05-29 02:59:57,336 | INFO | DatabaseConnector | Conversation saved successfully.
2025-05-29 03:00:08,383 | INFO | DatabaseConnector | Database connection established.
2025-05-29 03:00:08,393 | INFO | DatabaseConnector | Conversation saved successfully.
2025-05-29 03:00:08,434 | INFO | DatabaseConnector | Database connection established.
2025-05-29 03:00:08,436 | INFO | DatabaseConnector | Conversation saved successfully.
2025-05-29 03:00:08,477 | INFO | DatabaseConnector | Database connection established.
2025-05-29 03:00:08,479 | INFO | DatabaseConnector | Conversation saved successfully.
2025-05-29 03:08:06,331 | INFO | DatabaseConnector | DatabaseConnector initialized: host=localhost, port=5432, dbname=backenddb, user=springuser
2025-05-29 03:08:20,519 | INFO | DatabaseConnector | Database connection established.
2025-05-29 03:08:20,519 | INFO | DatabaseConnector | Conversation saved successfully.
2025-05-29 03:08:20,582 | INFO | DatabaseConnector | Database connection established.
2025-05-29 03:08:20,586 | INFO | DatabaseConnector | Conversation saved successfully.
2025-05-29 03:08:20,639 | INFO | DatabaseConnector | Database connection established.
2025-05-29 03:08:20,641 | INFO | DatabaseConnector | Conversation saved successfully.
2025-05-29 03:08:38,662 | INFO | DatabaseConnector | Database connection established.
2025-05-29 03:08:38,665 | INFO | DatabaseConnector | Conversation saved successfully.
2025-05-29 03:08:38,803 | INFO | DatabaseConnector | Database connection established.
2025-05-29 03:08:38,804 | INFO | DatabaseConnector | Conversation saved successfully.
2025-05-29 03:08:38,953 | INFO | DatabaseConnector | Database connection established.
2025-05-29 03:08:38,953 | INFO | DatabaseConnector | Conversation saved successfully.
2025-05-29 03:09:06,576 | INFO | DatabaseConnector | Database connection established.
2025-05-29 03:09:06,578 | INFO | DatabaseConnector | Conversation saved successfully.
2025-05-29 03:09:06,617 | INFO | DatabaseConnector | Database connection established.
2025-05-29 03:09:06,623 | INFO | DatabaseConnector | Conversation saved successfully.
2025-05-29 03:09:06,664 | INFO | DatabaseConnector | Database connection established.
2025-05-29 03:09:06,666 | INFO | DatabaseConnector | Conversation saved successfully.
2025-05-29 03:10:35,681 | INFO | DatabaseConnector | DatabaseConnector initialized: host=localhost, port=5432, dbname=backenddb, user=springuser
2025-05-29 21:52:40,454 | INFO | DatabaseConnector | DatabaseConnector initialized: host=localhost, port=5432, dbname=backenddb, user=springuser
2025-05-29 21:53:34,054 | INFO | DatabaseConnector | DatabaseConnector initialized: host=localhost, port=5432, dbname=backenddb, user=springuser
2025-05-29 21:54:00,518 | INFO | DatabaseConnector | Database connection established.
2025-05-29 21:54:00,523 | INFO | DatabaseConnector | Conversation saved successfully.
2025-05-29 21:54:00,680 | INFO | DatabaseConnector | Database connection established.
2025-05-29 21:54:00,683 | INFO | DatabaseConnector | Conversation saved successfully.
2025-05-29 21:54:00,830 | INFO | DatabaseConnector | Database connection established.
2025-05-29 21:54:00,832 | INFO | DatabaseConnector | Conversation saved successfully.
2025-05-29 21:54:18,084 | INFO | DatabaseConnector | Database connection established.
2025-05-29 21:54:18,090 | INFO | DatabaseConnector | Conversation saved successfully.
2025-05-29 21:54:18,159 | INFO | DatabaseConnector | Database connection established.
2025-05-29 21:54:18,165 | INFO | DatabaseConnector | Conversation saved successfully.
2025-05-29 21:54:18,225 | INFO | DatabaseConnector | Database connection established.
2025-05-29 21:54:18,228 | INFO | DatabaseConnector | Conversation saved successfully.
2025-05-29 21:54:41,401 | INFO | DatabaseConnector | Database connection established.
2025-05-29 21:54:41,403 | INFO | DatabaseConnector | Conversation saved successfully.
2025-05-29 21:54:41,446 | INFO | DatabaseConnector | Database connection established.
2025-05-29 21:54:41,448 | INFO | DatabaseConnector | Conversation saved successfully.
2025-05-29 21:54:41,491 | INFO | DatabaseConnector | Database connection established.
2025-05-29 21:54:41,494 | INFO | DatabaseConnector | Conversation saved successfully.
2025-05-29 22:01:59,667 | INFO | DatabaseConnector | DatabaseConnector initialized: host=localhost, port=5432, dbname=backenddb, user=springuser
2025-05-29 22:02:33,817 | INFO | DatabaseConnector | Database connection established.
2025-05-29 22:02:33,820 | INFO | DatabaseConnector | Conversation saved successfully.
2025-05-29 22:02:33,866 | INFO | DatabaseConnector | Database connection established.
2025-05-29 22:02:33,869 | INFO | DatabaseConnector | Conversation saved successfully.
2025-05-29 22:02:33,910 | INFO | DatabaseConnector | Database connection established.
2025-05-29 22:02:33,913 | INFO | DatabaseConnector | Conversation saved successfully.
2025-05-29 22:06:37,697 | INFO | DatabaseConnector | DatabaseConnector initialized: host=localhost, port=5432, dbname=backenddb, user=springuser
2025-05-29 22:06:58,138 | INFO | DatabaseConnector | Database connection established.
2025-05-29 22:06:58,142 | INFO | DatabaseConnector | Conversation saved successfully.
2025-05-29 22:06:58,193 | INFO | DatabaseConnector | Database connection established.
2025-05-29 22:06:58,195 | INFO | DatabaseConnector | Conversation saved successfully.
2025-05-29 22:06:58,243 | INFO | DatabaseConnector | Database connection established.
2025-05-29 22:06:58,246 | INFO | DatabaseConnector | Conversation saved successfully.
2025-05-29 22:07:31,256 | INFO | DatabaseConnector | Database connection established.
2025-05-29 22:07:31,259 | INFO | DatabaseConnector | Conversation saved successfully.
2025-05-29 22:07:31,310 | INFO | DatabaseConnector | Database connection established.
2025-05-29 22:07:31,315 | INFO | DatabaseConnector | Conversation saved successfully.
2025-05-29 22:07:31,363 | INFO | DatabaseConnector | Database connection established.
2025-05-29 22:07:31,366 | INFO | DatabaseConnector | Conversation saved successfully.
2025-05-29 22:09:19,975 | INFO | DatabaseConnector | DatabaseConnector initialized: host=localhost, port=5432, dbname=backenddb, user=springuser
2025-05-29 22:10:41,917 | INFO | DatabaseConnector | DatabaseConnector initialized: host=localhost, port=5432, dbname=backenddb, user=springuser
2025-05-29 22:11:11,322 | INFO | DatabaseConnector | Database connection established.
2025-05-29 22:11:11,332 | INFO | DatabaseConnector | Conversation saved successfully.
2025-05-29 22:11:11,486 | INFO | DatabaseConnector | Database connection established.
2025-05-29 22:11:11,489 | INFO | DatabaseConnector | Conversation saved successfully.
2025-05-29 22:11:11,532 | INFO | DatabaseConnector | Database connection established.
2025-05-29 22:11:11,534 | INFO | DatabaseConnector | Conversation saved successfully.
2025-05-29 22:13:27,977 | INFO | DatabaseConnector | DatabaseConnector initialized: host=localhost, port=5432, dbname=backenddb, user=springuser
2025-05-29 22:14:01,243 | INFO | DatabaseConnector | Database connection established.
2025-05-29 22:14:01,245 | INFO | DatabaseConnector | Conversation saved successfully.
2025-05-29 22:14:01,297 | INFO | DatabaseConnector | Database connection established.
2025-05-29 22:14:01,299 | INFO | DatabaseConnector | Conversation saved successfully.
2025-05-29 22:14:01,345 | INFO | DatabaseConnector | Database connection established.
2025-05-29 22:14:01,347 | INFO | DatabaseConnector | Conversation saved successfully.
2025-05-29 22:15:11,957 | INFO | DatabaseConnector | DatabaseConnector initialized: host=localhost, port=5432, dbname=backenddb, user=springuser
2025-05-29 22:15:18,793 | INFO | DatabaseConnector | Database connection established.
2025-05-29 22:15:18,793 | INFO | DatabaseConnector | Conversation saved successfully.
2025-05-29 22:15:18,858 | INFO | DatabaseConnector | Database connection established.
2025-05-29 22:15:18,861 | INFO | DatabaseConnector | Conversation saved successfully.
2025-05-29 22:15:18,913 | INFO | DatabaseConnector | Database connection established.
2025-05-29 22:15:18,913 | INFO | DatabaseConnector | Conversation saved successfully.
2025-05-29 22:15:40,839 | INFO | DatabaseConnector | Database connection established.
2025-05-29 22:15:40,842 | INFO | DatabaseConnector | Conversation saved successfully.
2025-05-29 22:15:40,892 | INFO | DatabaseConnector | Database connection established.
2025-05-29 22:15:40,894 | INFO | DatabaseConnector | Conversation saved successfully.
2025-05-29 22:15:40,939 | INFO | DatabaseConnector | Database connection established.
2025-05-29 22:15:40,945 | INFO | DatabaseConnector | Conversation saved successfully.
2025-05-29 22:18:51,830 | INFO | DatabaseConnector | DatabaseConnector initialized: host=localhost, port=5432, dbname=backenddb, user=springuser
2025-05-29 22:19:19,788 | INFO | DatabaseConnector | Database connection established.
2025-05-29 22:19:19,797 | INFO | DatabaseConnector | Conversation saved successfully.
2025-05-29 22:19:19,849 | INFO | DatabaseConnector | Database connection established.
2025-05-29 22:19:19,852 | INFO | DatabaseConnector | Conversation saved successfully.
2025-05-29 22:19:20,006 | INFO | DatabaseConnector | Database connection established.
2025-05-29 22:19:20,008 | INFO | DatabaseConnector | Conversation saved successfully.
2025-05-29 22:21:59,787 | INFO | DatabaseConnector | DatabaseConnector initialized: host=localhost, port=5432, dbname=backenddb, user=springuser
2025-05-29 22:22:08,834 | INFO | DatabaseConnector | Database connection established.
2025-05-29 22:22:08,837 | INFO | DatabaseConnector | Conversation saved successfully.
2025-05-29 22:22:08,889 | INFO | DatabaseConnector | Database connection established.
2025-05-29 22:22:08,889 | INFO | DatabaseConnector | Conversation saved successfully.
2025-05-29 22:22:08,943 | INFO | DatabaseConnector | Database connection established.
2025-05-29 22:22:08,946 | INFO | DatabaseConnector | Conversation saved successfully.
2025-05-29 22:22:34,507 | INFO | DatabaseConnector | Database connection established.
2025-05-29 22:22:34,507 | INFO | DatabaseConnector | Conversation saved successfully.
2025-05-29 22:22:34,659 | INFO | DatabaseConnector | Database connection established.
2025-05-29 22:22:34,663 | INFO | DatabaseConnector | Conversation saved successfully.
2025-05-29 22:22:34,808 | INFO | DatabaseConnector | Database connection established.
2025-05-29 22:22:34,811 | INFO | DatabaseConnector | Conversation saved successfully.
2025-05-29 22:24:47,674 | INFO | DatabaseConnector | DatabaseConnector initialized: host=localhost, port=5432, dbname=backenddb, user=springuser
2025-05-29 22:25:10,548 | INFO | DatabaseConnector | Database connection established.
2025-05-29 22:25:10,557 | INFO | DatabaseConnector | Conversation saved successfully.
2025-05-29 22:25:10,599 | INFO | DatabaseConnector | Database connection established.
2025-05-29 22:25:10,606 | INFO | DatabaseConnector | Conversation saved successfully.
2025-05-29 22:25:10,647 | INFO | DatabaseConnector | Database connection established.
2025-05-29 22:25:10,652 | INFO | DatabaseConnector | Conversation saved successfully.
2025-05-29 22:29:04,915 | INFO | DatabaseConnector | DatabaseConnector initialized: host=localhost, port=5432, dbname=backenddb, user=springuser
2025-05-29 22:29:13,428 | INFO | DatabaseConnector | Database connection established.
2025-05-29 22:29:13,434 | INFO | DatabaseConnector | Conversation saved successfully.
2025-05-29 22:29:13,492 | INFO | DatabaseConnector | Database connection established.
2025-05-29 22:29:13,492 | INFO | DatabaseConnector | Conversation saved successfully.
2025-05-29 22:29:13,549 | INFO | DatabaseConnector | Database connection established.
2025-05-29 22:29:13,552 | INFO | DatabaseConnector | Conversation saved successfully.
2025-05-29 22:29:27,479 | INFO | DatabaseConnector | Database connection established.
2025-05-29 22:29:27,482 | INFO | DatabaseConnector | Conversation saved successfully.
2025-05-29 22:29:27,534 | INFO | DatabaseConnector | Database connection established.
2025-05-29 22:29:27,537 | INFO | DatabaseConnector | Conversation saved successfully.
2025-05-29 22:29:27,685 | INFO | DatabaseConnector | Database connection established.
2025-05-29 22:29:27,685 | INFO | DatabaseConnector | Conversation saved successfully.
2025-05-29 22:30:16,576 | INFO | DatabaseConnector | Database connection established.
2025-05-29 22:30:16,583 | INFO | DatabaseConnector | Conversation saved successfully.
2025-05-29 22:30:16,634 | INFO | DatabaseConnector | Database connection established.
2025-05-29 22:30:16,634 | INFO | DatabaseConnector | Conversation saved successfully.
2025-05-29 22:30:16,690 | INFO | DatabaseConnector | Database connection established.
2025-05-29 22:30:16,692 | INFO | DatabaseConnector | Conversation saved successfully.
2025-05-29 22:30:50,318 | INFO | DatabaseConnector | Database connection established.
2025-05-29 22:30:50,324 | INFO | DatabaseConnector | Conversation saved successfully.
2025-05-29 22:30:50,475 | INFO | DatabaseConnector | Database connection established.
2025-05-29 22:30:50,477 | INFO | DatabaseConnector | Conversation saved successfully.
2025-05-29 22:30:50,521 | INFO | DatabaseConnector | Database connection established.
2025-05-29 22:30:50,521 | INFO | DatabaseConnector | Conversation saved successfully.
2025-05-29 22:31:27,629 | INFO | DatabaseConnector | DatabaseConnector initialized: host=localhost, port=5432, dbname=backenddb, user=springuser
2025-05-29 22:31:40,416 | INFO | DatabaseConnector | Database connection established.
2025-05-29 22:31:40,416 | INFO | DatabaseConnector | Conversation saved successfully.
2025-05-29 22:31:40,466 | INFO | DatabaseConnector | Database connection established.
2025-05-29 22:31:40,466 | INFO | DatabaseConnector | Conversation saved successfully.
2025-05-29 22:31:40,517 | INFO | DatabaseConnector | Database connection established.
2025-05-29 22:31:40,519 | INFO | DatabaseConnector | Conversation saved successfully.
2025-05-29 22:37:45,094 | INFO | DatabaseConnector | DatabaseConnector initialized: host=localhost, port=5432, dbname=backenddb, user=springuser
2025-05-29 22:38:02,000 | INFO | DatabaseConnector | Database connection established.
2025-05-29 22:38:02,004 | INFO | DatabaseConnector | Conversation saved successfully.
2025-05-29 22:38:02,055 | INFO | DatabaseConnector | Database connection established.
2025-05-29 22:38:02,055 | INFO | DatabaseConnector | Conversation saved successfully.
2025-05-29 22:38:02,112 | INFO | DatabaseConnector | Database connection established.
2025-05-29 22:38:02,114 | INFO | DatabaseConnector | Conversation saved successfully.
2025-05-29 22:38:30,383 | INFO | DatabaseConnector | Database connection established.
2025-05-29 22:38:30,394 | INFO | DatabaseConnector | Conversation saved successfully.
2025-05-29 22:38:30,444 | INFO | DatabaseConnector | Database connection established.
2025-05-29 22:38:30,444 | INFO | DatabaseConnector | Conversation saved successfully.
2025-05-29 22:38:30,491 | INFO | DatabaseConnector | Database connection established.
2025-05-29 22:38:30,493 | INFO | DatabaseConnector | Conversation saved successfully.
2025-05-29 22:38:55,455 | INFO | DatabaseConnector | DatabaseConnector initialized: host=localhost, port=5432, dbname=backenddb, user=springuser
2025-05-29 22:39:26,404 | INFO | DatabaseConnector | Database connection established.
2025-05-29 22:39:26,414 | INFO | DatabaseConnector | Conversation saved successfully.
2025-05-29 22:39:26,465 | INFO | DatabaseConnector | Database connection established.
2025-05-29 22:39:26,465 | INFO | DatabaseConnector | Conversation saved successfully.
2025-05-29 22:39:26,519 | INFO | DatabaseConnector | Database connection established.
2025-05-29 22:39:26,521 | INFO | DatabaseConnector | Conversation saved successfully.
2025-05-29 22:39:58,487 | INFO | DatabaseConnector | Database connection established.
2025-05-29 22:39:58,496 | INFO | DatabaseConnector | Conversation saved successfully.
2025-05-29 22:39:58,543 | INFO | DatabaseConnector | Database connection established.
2025-05-29 22:39:58,546 | INFO | DatabaseConnector | Conversation saved successfully.
2025-05-29 22:39:58,595 | INFO | DatabaseConnector | Database connection established.
2025-05-29 22:39:58,596 | INFO | DatabaseConnector | Conversation saved successfully.
2025-05-29 22:42:29,791 | INFO | DatabaseConnector | DatabaseConnector initialized: host=localhost, port=5432, dbname=backenddb, user=springuser
2025-05-29 22:43:03,988 | INFO | DatabaseConnector | Database connection established.
2025-05-29 22:43:03,991 | INFO | DatabaseConnector | Conversation saved successfully.
2025-05-29 22:43:04,040 | INFO | DatabaseConnector | Database connection established.
2025-05-29 22:43:04,040 | INFO | DatabaseConnector | Conversation saved successfully.
2025-05-29 22:43:04,097 | INFO | DatabaseConnector | Database connection established.
2025-05-29 22:43:04,100 | INFO | DatabaseConnector | Conversation saved successfully.
2025-05-29 23:05:39,705 | INFO | DatabaseConnector | DatabaseConnector initialized: host=localhost, port=5432, dbname=backenddb, user=springuser
2025-05-29 23:06:03,401 | INFO | DatabaseConnector | Database connection established.
2025-05-29 23:06:03,419 | INFO | DatabaseConnector | Conversation saved successfully.
2025-05-29 23:06:03,573 | INFO | DatabaseConnector | Database connection established.
2025-05-29 23:06:03,576 | INFO | DatabaseConnector | Conversation saved successfully.
2025-05-29 23:06:03,622 | INFO | DatabaseConnector | Database connection established.
2025-05-29 23:06:03,628 | INFO | DatabaseConnector | Conversation saved successfully.
2025-05-29 23:06:30,086 | INFO | DatabaseConnector | Database connection established.
2025-05-29 23:06:30,098 | INFO | DatabaseConnector | Conversation saved successfully.
2025-05-29 23:06:30,148 | INFO | DatabaseConnector | Database connection established.
2025-05-29 23:06:30,150 | INFO | DatabaseConnector | Conversation saved successfully.
2025-05-29 23:06:30,292 | INFO | DatabaseConnector | Database connection established.
2025-05-29 23:06:30,292 | INFO | DatabaseConnector | Conversation saved successfully.
2025-05-29 23:09:57,471 | INFO | DatabaseConnector | Database connection established.
2025-05-29 23:09:57,471 | INFO | DatabaseConnector | Conversation saved successfully.
2025-05-29 23:09:57,620 | INFO | DatabaseConnector | Database connection established.
2025-05-29 23:09:57,620 | INFO | DatabaseConnector | Conversation saved successfully.
2025-05-29 23:09:57,669 | INFO | DatabaseConnector | Database connection established.
2025-05-29 23:09:57,672 | INFO | DatabaseConnector | Conversation saved successfully.
2025-05-29 23:23:24,463 | INFO | DatabaseConnector | DatabaseConnector initialized: host=localhost, port=5432, dbname=backenddb, user=springuser
2025-05-29 23:34:27,499 | INFO | DatabaseConnector | DatabaseConnector initialized: host=localhost, port=5432, dbname=backenddb, user=springuser
2025-05-29 23:34:44,100 | INFO | DatabaseConnector | DatabaseConnector initialized: host=localhost, port=5432, dbname=backenddb, user=springuser
2025-05-29 23:36:07,352 | INFO | DatabaseConnector | DatabaseConnector initialized: host=localhost, port=5432, dbname=backenddb, user=springuser
2025-05-29 23:42:09,989 | INFO | DatabaseConnector | DatabaseConnector initialized: host=localhost, port=5432, dbname=backenddb, user=springuser
2025-05-29 23:44:09,412 | INFO | DatabaseConnector | DatabaseConnector initialized: host=localhost, port=5432, dbname=backenddb, user=springuser
2025-05-29 23:45:47,497 | INFO | DatabaseConnector | DatabaseConnector initialized: host=localhost, port=5432, dbname=backenddb, user=springuser
2025-05-29 23:50:12,943 | INFO | DatabaseConnector | DatabaseConnector initialized: host=localhost, port=5432, dbname=backenddb, user=springuser
2025-05-29 23:53:27,717 | INFO | DatabaseConnector | DatabaseConnector initialized: host=localhost, port=5432, dbname=backenddb, user=springuser
2025-05-29 23:55:01,088 | INFO | DatabaseConnector | Database connection established.
2025-05-29 23:55:01,095 | INFO | DatabaseConnector | Conversation saved successfully.
2025-05-29 23:55:01,236 | INFO | DatabaseConnector | Database connection established.
2025-05-29 23:55:01,243 | INFO | DatabaseConnector | Conversation saved successfully.
2025-05-29 23:55:01,284 | INFO | DatabaseConnector | Database connection established.
2025-05-29 23:55:01,287 | INFO | DatabaseConnector | Conversation saved successfully.
2025-05-29 23:55:08,471 | INFO | DatabaseConnector | Database connection established.
2025-05-29 23:55:08,473 | INFO | DatabaseConnector | Conversation saved successfully.
2025-05-29 23:55:08,524 | INFO | DatabaseConnector | Database connection established.
2025-05-29 23:55:08,526 | INFO | DatabaseConnector | Conversation saved successfully.
2025-05-29 23:55:08,579 | INFO | DatabaseConnector | Database connection established.
2025-05-29 23:55:08,582 | INFO | DatabaseConnector | Conversation saved successfully.
2025-05-30 17:27:30,372 | INFO | DatabaseConnector | DatabaseConnector initialized: host=localhost, port=5432, dbname=backenddb, user=springuser
2025-05-30 17:28:14,565 | INFO | DatabaseConnector | Database connection established.
2025-05-30 17:28:14,573 | INFO | DatabaseConnector | Conversation saved successfully.
2025-05-30 17:28:14,618 | INFO | DatabaseConnector | Database connection established.
2025-05-30 17:28:14,618 | INFO | DatabaseConnector | Conversation saved successfully.
2025-05-30 17:28:14,661 | INFO | DatabaseConnector | Database connection established.
2025-05-30 17:28:14,663 | INFO | DatabaseConnector | Conversation saved successfully.
2025-05-30 17:30:26,461 | INFO | DatabaseConnector | DatabaseConnector initialized: host=localhost, port=5432, dbname=backenddb, user=springuser
2025-05-30 17:30:42,442 | INFO | DatabaseConnector | Database connection established.
2025-05-30 17:30:42,448 | INFO | DatabaseConnector | Conversation saved successfully.
2025-05-30 17:30:42,497 | INFO | DatabaseConnector | Database connection established.
2025-05-30 17:30:42,500 | INFO | DatabaseConnector | Conversation saved successfully.
2025-05-30 17:30:42,553 | INFO | DatabaseConnector | Database connection established.
2025-05-30 17:30:42,557 | INFO | DatabaseConnector | Conversation saved successfully.
2025-05-30 17:31:06,288 | INFO | DatabaseConnector | Database connection established.
2025-05-30 17:31:06,297 | INFO | DatabaseConnector | Conversation saved successfully.
2025-05-30 17:31:06,346 | INFO | DatabaseConnector | Database connection established.
2025-05-30 17:31:06,349 | INFO | DatabaseConnector | Conversation saved successfully.
2025-05-30 17:31:06,401 | INFO | DatabaseConnector | Database connection established.
2025-05-30 17:31:06,403 | INFO | DatabaseConnector | Conversation saved successfully.
2025-05-30 17:32:32,005 | INFO | DatabaseConnector | Database connection established.
2025-05-30 17:32:32,015 | INFO | DatabaseConnector | Conversation saved successfully.
2025-05-30 17:32:32,068 | INFO | DatabaseConnector | Database connection established.
2025-05-30 17:32:32,071 | INFO | DatabaseConnector | Conversation saved successfully.
2025-05-30 17:32:32,209 | INFO | DatabaseConnector | Database connection established.
2025-05-30 17:32:32,214 | INFO | DatabaseConnector | Conversation saved successfully.
2025-05-30 17:42:35,163 | INFO | DatabaseConnector | DatabaseConnector initialized: host=localhost, port=5432, dbname=backenddb, user=springuser
2025-05-30 17:45:58,309 | INFO | DatabaseConnector | DatabaseConnector initialized: host=localhost, port=5432, dbname=backenddb, user=springuser
2025-05-30 17:46:23,380 | INFO | DatabaseConnector | DatabaseConnector initialized: host=localhost, port=5432, dbname=backenddb, user=springuser
2025-05-30 17:46:39,294 | INFO | DatabaseConnector | Database connection established.
2025-05-30 17:46:39,297 | INFO | DatabaseConnector | Conversation saved successfully.
2025-05-30 17:46:39,345 | INFO | DatabaseConnector | Database connection established.
2025-05-30 17:46:39,348 | INFO | DatabaseConnector | Conversation saved successfully.
2025-05-30 17:46:39,397 | INFO | DatabaseConnector | Database connection established.
2025-05-30 17:46:39,399 | INFO | DatabaseConnector | Conversation saved successfully.
2025-05-30 17:58:06,671 | INFO | DatabaseConnector | DatabaseConnector initialized: host=localhost, port=5432, dbname=backenddb, user=springuser
2025-05-30 17:58:26,995 | INFO | DatabaseConnector | Database connection established.
2025-05-30 17:58:27,008 | INFO | DatabaseConnector | Conversation saved successfully.
2025-05-30 17:58:27,060 | INFO | DatabaseConnector | Database connection established.
2025-05-30 17:58:27,062 | INFO | DatabaseConnector | Conversation saved successfully.
2025-05-30 17:58:27,111 | INFO | DatabaseConnector | Database connection established.
2025-05-30 17:58:27,113 | INFO | DatabaseConnector | Conversation saved successfully.
2025-05-30 17:59:10,188 | INFO | DatabaseConnector | Database connection established.
2025-05-30 17:59:10,198 | INFO | DatabaseConnector | Conversation saved successfully.
2025-05-30 17:59:10,247 | INFO | DatabaseConnector | Database connection established.
2025-05-30 17:59:10,250 | INFO | DatabaseConnector | Conversation saved successfully.
2025-05-30 17:59:10,293 | INFO | DatabaseConnector | Database connection established.
2025-05-30 17:59:10,297 | INFO | DatabaseConnector | Conversation saved successfully.
2025-05-30 18:02:23,174 | INFO | DatabaseConnector | DatabaseConnector initialized: host=localhost, port=5432, dbname=backenddb, user=springuser
2025-05-30 18:02:43,827 | INFO | DatabaseConnector | Database connection established.
2025-05-30 18:02:43,830 | INFO | DatabaseConnector | Conversation saved successfully.
2025-05-30 18:02:43,882 | INFO | DatabaseConnector | Database connection established.
2025-05-30 18:02:43,884 | INFO | DatabaseConnector | Conversation saved successfully.
2025-05-30 18:02:43,933 | INFO | DatabaseConnector | Database connection established.
2025-05-30 18:02:43,935 | INFO | DatabaseConnector | Conversation saved successfully.
2025-05-30 18:05:20,449 | INFO | DatabaseConnector | DatabaseConnector initialized: host=localhost, port=5432, dbname=backenddb, user=springuser
2025-05-30 21:56:17,459 | INFO | DatabaseConnector | DatabaseConnector initialized: host=localhost, port=5432, dbname=backenddb, user=springuser
2025-05-30 23:26:16,493 | INFO | DatabaseConnector | DatabaseConnector initialized: host=localhost, port=5432, dbname=backenddb, user=springuser
2025-05-30 23:27:09,439 | INFO | DatabaseConnector | DatabaseConnector initialized: host=localhost, port=5432, dbname=backenddb, user=springuser
2025-05-30 23:29:18,093 | INFO | DatabaseConnector | Database connection established.
2025-05-30 23:29:18,104 | INFO | DatabaseConnector | Conversation saved successfully.
2025-05-30 23:29:18,157 | INFO | DatabaseConnector | Database connection established.
2025-05-30 23:29:18,159 | INFO | DatabaseConnector | Conversation saved successfully.
2025-05-30 23:29:18,210 | INFO | DatabaseConnector | Database connection established.
2025-05-30 23:29:18,213 | INFO | DatabaseConnector | Conversation saved successfully.
2025-05-30 23:38:40,523 | INFO | DatabaseConnector | DatabaseConnector initialized: host=localhost, port=5432, dbname=backenddb, user=springuser
2025-05-30 23:39:00,396 | INFO | DatabaseConnector | DatabaseConnector initialized: host=localhost, port=5432, dbname=backenddb, user=springuser
2025-05-30 23:41:41,042 | INFO | DatabaseConnector | DatabaseConnector initialized: host=localhost, port=5432, dbname=backenddb, user=springuser
2025-05-30 23:43:56,562 | INFO | DatabaseConnector | DatabaseConnector initialized: host=localhost, port=5432, dbname=backenddb, user=springuser
2025-05-30 23:45:22,355 | INFO | DatabaseConnector | DatabaseConnector initialized: host=localhost, port=5432, dbname=backenddb, user=springuser
2025-05-30 23:47:46,828 | INFO | DatabaseConnector | DatabaseConnector initialized: host=localhost, port=5432, dbname=backenddb, user=springuser
2025-05-30 23:48:18,376 | INFO | DatabaseConnector | Database connection established.
2025-05-30 23:48:18,391 | INFO | DatabaseConnector | Conversation saved successfully.
2025-05-30 23:48:18,441 | INFO | DatabaseConnector | Database connection established.
2025-05-30 23:48:18,444 | INFO | DatabaseConnector | Conversation saved successfully.
2025-05-30 23:48:18,588 | INFO | DatabaseConnector | Database connection established.
2025-05-30 23:48:18,590 | INFO | DatabaseConnector | Conversation saved successfully.
2025-05-30 23:49:55,007 | INFO | DatabaseConnector | DatabaseConnector initialized: host=localhost, port=5432, dbname=backenddb, user=springuser
2025-05-30 23:50:27,923 | INFO | DatabaseConnector | Database connection established.
2025-05-30 23:50:27,933 | INFO | DatabaseConnector | Conversation saved successfully.
2025-05-30 23:50:27,984 | INFO | DatabaseConnector | Database connection established.
2025-05-30 23:50:27,987 | INFO | DatabaseConnector | Conversation saved successfully.
2025-05-30 23:50:28,034 | INFO | DatabaseConnector | Database connection established.
2025-05-30 23:50:28,037 | INFO | DatabaseConnector | Conversation saved successfully.
2025-05-30 23:50:53,813 | INFO | DatabaseConnector | DatabaseConnector initialized: host=localhost, port=5432, dbname=backenddb, user=springuser
2025-05-30 23:55:32,950 | INFO | DatabaseConnector | DatabaseConnector initialized: host=localhost, port=5432, dbname=backenddb, user=springuser
2025-05-30 23:56:10,034 | INFO | DatabaseConnector | DatabaseConnector initialized: host=localhost, port=5432, dbname=backenddb, user=springuser
2025-05-30 23:56:33,709 | INFO | DatabaseConnector | DatabaseConnector initialized: host=localhost, port=5432, dbname=backenddb, user=springuser
2025-05-30 23:58:33,755 | INFO | DatabaseConnector | DatabaseConnector initialized: host=localhost, port=5432, dbname=backenddb, user=springuser
2025-05-31 00:01:13,067 | INFO | DatabaseConnector | DatabaseConnector initialized: host=localhost, port=5432, dbname=backenddb, user=springuser
2025-05-31 00:03:49,530 | INFO | DatabaseConnector | DatabaseConnector initialized: host=localhost, port=5432, dbname=backenddb, user=springuser
2025-05-31 00:04:46,403 | INFO | DatabaseConnector | DatabaseConnector initialized: host=localhost, port=5432, dbname=backenddb, user=springuser
2025-05-31 00:06:23,856 | INFO | DatabaseConnector | DatabaseConnector initialized: host=localhost, port=5432, dbname=backenddb, user=springuser
2025-05-31 00:09:35,137 | INFO | DatabaseConnector | DatabaseConnector initialized: host=localhost, port=5432, dbname=backenddb, user=springuser
2025-05-31 00:09:58,823 | INFO | DatabaseConnector | DatabaseConnector initialized: host=localhost, port=5432, dbname=backenddb, user=springuser
2025-05-31 00:10:21,480 | INFO | DatabaseConnector | DatabaseConnector initialized: host=localhost, port=5432, dbname=backenddb, user=springuser
2025-05-31 00:10:34,482 | INFO | DatabaseConnector | DatabaseConnector initialized: host=localhost, port=5432, dbname=backenddb, user=springuser
2025-05-31 00:11:59,826 | INFO | DatabaseConnector | DatabaseConnector initialized: host=localhost, port=5432, dbname=backenddb, user=springuser
2025-05-31 00:12:34,964 | INFO | DatabaseConnector | DatabaseConnector initialized: host=localhost, port=5432, dbname=backenddb, user=springuser
2025-05-31 00:14:09,072 | INFO | DatabaseConnector | DatabaseConnector initialized: host=localhost, port=5432, dbname=backenddb, user=springuser
2025-05-31 00:15:26,138 | INFO | DatabaseConnector | DatabaseConnector initialized: host=localhost, port=5432, dbname=backenddb, user=springuser
2025-05-31 00:15:49,989 | INFO | DatabaseConnector | DatabaseConnector initialized: host=localhost, port=5432, dbname=backenddb, user=springuser
2025-05-31 00:16:26,612 | INFO | DatabaseConnector | DatabaseConnector initialized: host=localhost, port=5432, dbname=backenddb, user=springuser
2025-05-31 00:18:19,056 | INFO | DatabaseConnector | DatabaseConnector initialized: host=localhost, port=5432, dbname=backenddb, user=springuser
2025-05-31 00:20:08,284 | INFO | DatabaseConnector | DatabaseConnector initialized: host=localhost, port=5432, dbname=backenddb, user=springuser
2025-05-31 00:20:36,727 | INFO | DatabaseConnector | DatabaseConnector initialized: host=localhost, port=5432, dbname=backenddb, user=springuser
2025-05-31 00:21:27,113 | INFO | DatabaseConnector | Database connection established.
2025-05-31 00:21:27,117 | INFO | DatabaseConnector | Conversation saved successfully.
2025-05-31 00:21:27,165 | INFO | DatabaseConnector | Database connection established.
2025-05-31 00:21:27,168 | INFO | DatabaseConnector | Conversation saved successfully.
2025-05-31 00:21:27,212 | INFO | DatabaseConnector | Database connection established.
2025-05-31 00:21:27,215 | INFO | DatabaseConnector | Conversation saved successfully.
2025-05-31 00:21:57,603 | INFO | DatabaseConnector | Database connection established.
2025-05-31 00:21:57,607 | INFO | DatabaseConnector | Conversation saved successfully.
2025-05-31 00:21:57,662 | INFO | DatabaseConnector | Database connection established.
2025-05-31 00:21:57,665 | INFO | DatabaseConnector | Conversation saved successfully.
2025-05-31 00:21:57,715 | INFO | DatabaseConnector | Database connection established.
2025-05-31 00:21:57,718 | INFO | DatabaseConnector | Conversation saved successfully.
2025-05-31 00:22:13,826 | INFO | DatabaseConnector | Database connection established.
2025-05-31 00:22:13,836 | INFO | DatabaseConnector | Conversation saved successfully.
2025-05-31 00:22:13,901 | INFO | DatabaseConnector | Database connection established.
2025-05-31 00:22:13,905 | INFO | DatabaseConnector | Conversation saved successfully.
2025-05-31 00:22:13,962 | INFO | DatabaseConnector | Database connection established.
2025-05-31 00:22:13,964 | INFO | DatabaseConnector | Conversation saved successfully.
2025-05-31 00:22:56,586 | INFO | DatabaseConnector | DatabaseConnector initialized: host=localhost, port=5432, dbname=backenddb, user=springuser
2025-05-31 01:41:12,040 | INFO | DatabaseConnector | DatabaseConnector initialized: host=localhost, port=5432, dbname=backenddb, user=springuser
2025-05-31 01:41:28,866 | INFO | DatabaseConnector | DatabaseConnector initialized: host=localhost, port=5432, dbname=backenddb, user=springuser
2025-05-31 01:42:24,246 | INFO | DatabaseConnector | DatabaseConnector initialized: host=localhost, port=5432, dbname=backenddb, user=springuser
2025-05-31 01:43:15,783 | INFO | DatabaseConnector | DatabaseConnector initialized: host=localhost, port=5432, dbname=backenddb, user=springuser
2025-05-31 01:45:50,562 | INFO | DatabaseConnector | DatabaseConnector initialized: host=localhost, port=5432, dbname=backenddb, user=springuser
2025-05-31 01:53:56,083 | INFO | DatabaseConnector | DatabaseConnector initialized: host=localhost, port=5432, dbname=backenddb, user=springuser
2025-05-31 01:55:30,004 | INFO | DatabaseConnector | DatabaseConnector initialized: host=localhost, port=5432, dbname=backenddb, user=springuser
2025-05-31 01:56:32,487 | INFO | DatabaseConnector | DatabaseConnector initialized: host=localhost, port=5432, dbname=backenddb, user=springuser
2025-05-31 01:58:54,010 | INFO | DatabaseConnector | DatabaseConnector initialized: host=localhost, port=5432, dbname=backenddb, user=springuser
2025-05-31 02:09:58,093 | INFO | DatabaseConnector | DatabaseConnector initialized: host=localhost, port=5432, dbname=backenddb, user=springuser
2025-05-31 02:13:35,864 | INFO | DatabaseConnector | Database connection established.
2025-05-31 02:13:35,878 | INFO | DatabaseConnector | Conversation saved successfully.
2025-05-31 02:13:35,932 | INFO | DatabaseConnector | Database connection established.
2025-05-31 02:13:35,932 | INFO | DatabaseConnector | Conversation saved successfully.
2025-05-31 02:13:35,989 | INFO | DatabaseConnector | Database connection established.
2025-05-31 02:13:35,989 | INFO | DatabaseConnector | Conversation saved successfully.
2025-05-31 02:13:51,906 | INFO | DatabaseConnector | Database connection established.
2025-05-31 02:13:51,914 | INFO | DatabaseConnector | Conversation saved successfully.
2025-05-31 02:13:51,973 | INFO | DatabaseConnector | Database connection established.
2025-05-31 02:13:51,973 | INFO | DatabaseConnector | Conversation saved successfully.
2025-05-31 02:13:52,030 | INFO | DatabaseConnector | Database connection established.
2025-05-31 02:13:52,033 | INFO | DatabaseConnector | Conversation saved successfully.
2025-05-31 02:14:08,579 | INFO | DatabaseConnector | DatabaseConnector initialized: host=localhost, port=5432, dbname=backenddb, user=springuser
2025-05-31 02:15:38,542 | INFO | DatabaseConnector | DatabaseConnector initialized: host=localhost, port=5432, dbname=backenddb, user=springuser
2025-05-31 02:16:02,305 | INFO | DatabaseConnector | DatabaseConnector initialized: host=localhost, port=5432, dbname=backenddb, user=springuser
2025-05-31 02:16:21,173 | INFO | DatabaseConnector | DatabaseConnector initialized: host=localhost, port=5432, dbname=backenddb, user=springuser
2025-05-31 02:21:47,662 | INFO | DatabaseConnector | DatabaseConnector initialized: host=localhost, port=5432, dbname=backenddb, user=springuser
2025-05-31 02:22:02,860 | INFO | DatabaseConnector | DatabaseConnector initialized: host=localhost, port=5432, dbname=backenddb, user=springuser
2025-05-31 02:22:44,903 | INFO | DatabaseConnector | DatabaseConnector initialized: host=localhost, port=5432, dbname=backenddb, user=springuser
2025-05-31 02:23:04,444 | INFO | DatabaseConnector | DatabaseConnector initialized: host=localhost, port=5432, dbname=backenddb, user=springuser
2025-05-31 02:23:45,644 | INFO | DatabaseConnector | DatabaseConnector initialized: host=localhost, port=5432, dbname=backenddb, user=springuser
2025-05-31 02:25:10,567 | INFO | DatabaseConnector | DatabaseConnector initialized: host=localhost, port=5432, dbname=backenddb, user=springuser
2025-05-31 02:27:24,631 | INFO | DatabaseConnector | DatabaseConnector initialized: host=localhost, port=5432, dbname=backenddb, user=springuser
2025-05-31 02:29:25,921 | INFO | DatabaseConnector | DatabaseConnector initialized: host=localhost, port=5432, dbname=backenddb, user=springuser
2025-05-31 02:53:02,854 | INFO | DatabaseConnector | DatabaseConnector initialized: host=localhost, port=5432, dbname=backenddb, user=springuser
2025-05-31 02:58:59,427 | INFO | DatabaseConnector | DatabaseConnector initialized: host=localhost, port=5432, dbname=backenddb, user=springuser
2025-05-31 03:04:02,385 | INFO | DatabaseConnector | DatabaseConnector initialized: host=localhost, port=5432, dbname=backenddb, user=springuser
2025-05-31 04:01:03,741 | INFO | DatabaseConnector | Database connection established.
2025-05-31 04:01:03,754 | INFO | DatabaseConnector | Conversation saved successfully.
2025-05-31 04:01:03,809 | INFO | DatabaseConnector | Database connection established.
2025-05-31 04:01:03,812 | INFO | DatabaseConnector | Conversation saved successfully.
2025-05-31 04:01:03,860 | INFO | DatabaseConnector | Database connection established.
2025-05-31 04:01:03,866 | INFO | DatabaseConnector | Conversation saved successfully.
2025-05-31 04:01:25,726 | INFO | DatabaseConnector | Database connection established.
2025-05-31 04:01:25,738 | INFO | DatabaseConnector | Conversation saved successfully.
2025-05-31 04:01:25,789 | INFO | DatabaseConnector | Database connection established.
2025-05-31 04:01:25,791 | INFO | DatabaseConnector | Conversation saved successfully.
2025-05-31 04:01:25,848 | INFO | DatabaseConnector | Database connection established.
2025-05-31 04:01:25,850 | INFO | DatabaseConnector | Conversation saved successfully.
2025-05-31 04:01:53,196 | INFO | DatabaseConnector | Database connection established.
2025-05-31 04:01:53,208 | INFO | DatabaseConnector | Conversation saved successfully.
2025-05-31 04:01:53,253 | INFO | DatabaseConnector | Database connection established.
2025-05-31 04:01:53,258 | INFO | DatabaseConnector | Conversation saved successfully.
2025-05-31 04:01:53,307 | INFO | DatabaseConnector | Database connection established.
2025-05-31 04:01:53,310 | INFO | DatabaseConnector | Conversation saved successfully.
2025-05-31 13:05:13,119 | INFO | DatabaseConnector | DatabaseConnector initialized: host=localhost, port=5432, dbname=backenddb, user=springuser
2025-05-31 13:05:59,808 | INFO | DatabaseConnector | DatabaseConnector initialized: host=localhost, port=5432, dbname=backenddb, user=springuser
2025-05-31 13:06:33,066 | INFO | DatabaseConnector | DatabaseConnector initialized: host=localhost, port=5432, dbname=backenddb, user=springuser
2025-05-31 13:18:26,651 | INFO | DatabaseConnector | Database connection established.
2025-05-31 13:18:26,664 | INFO | DatabaseConnector | Conversation saved successfully.
2025-05-31 14:25:16,059 | INFO | DatabaseConnector | DatabaseConnector initialized: host=localhost, port=5432, dbname=backenddb, user=springuser
2025-05-31 14:25:30,406 | INFO | DatabaseConnector | DatabaseConnector initialized: host=localhost, port=5432, dbname=backenddb, user=springuser
2025-05-31 14:26:07,337 | INFO | DatabaseConnector | Database connection established.
2025-05-31 14:26:07,347 | INFO | DatabaseConnector | Conversation saved successfully.
2025-05-31 14:26:07,407 | INFO | DatabaseConnector | Database connection established.
2025-05-31 14:26:07,409 | INFO | DatabaseConnector | Conversation saved successfully.
2025-05-31 14:26:07,461 | INFO | DatabaseConnector | Database connection established.
2025-05-31 14:26:07,464 | INFO | DatabaseConnector | Conversation saved successfully.
